2022-09-07 01:00:00.532 [scheduling-1] INFO  com.attendance.system.impl.TokenServiceImpl - 获取DingTalkToken,redis成功
2022-09-07 01:00:10.862 [scheduling-1] INFO  com.attendance.system.impl.ScheduledTask - 数据获取完毕
2022-09-07 01:00:11.237 [scheduling-1] INFO  com.attendance.system.impl.ScheduledTask - 数据获取完毕
2022-09-07 01:00:11.237 [scheduling-1] INFO  com.attendance.system.impl.ScheduledTask - 考勤数据持久化成功
2022-09-07 11:50:13.253 [restartedMain] INFO  com.attendance.AttendanceApplication - Starting AttendanceApplication using Java 1.8.0_201 on DESKTOP-GI6AVI7 with PID 14672 (D:\java\java_practice\attendance\target\classes started by lihong in D:\java\java_practice\attendance)
2022-09-07 11:50:13.255 [restartedMain] INFO  com.attendance.AttendanceApplication - No active profile set, falling back to 1 default profile: "default"
2022-09-07 11:50:15.042 [restartedMain] INFO  org.apache.coyote.http11.Http11NioProtocol - Initializing ProtocolHandler ["http-nio-8082"]
2022-09-07 11:50:15.042 [restartedMain] INFO  org.apache.catalina.core.StandardService - Starting service [Tomcat]
2022-09-07 11:50:15.043 [restartedMain] INFO  org.apache.catalina.core.StandardEngine - Starting Servlet engine: [Apache Tomcat/9.0.65]
2022-09-07 11:50:15.136 [restartedMain] INFO  o.a.c.core.ContainerBase.[Tomcat].[localhost].[/] - Initializing Spring embedded WebApplicationContext
2022-09-07 11:50:16.597 [restartedMain] INFO  org.apache.coyote.http11.Http11NioProtocol - Starting ProtocolHandler ["http-nio-8082"]
2022-09-07 11:50:16.621 [restartedMain] INFO  com.attendance.AttendanceApplication - Started AttendanceApplication in 3.787 seconds (JVM running for 5.056)
2022-09-07 11:50:24.904 [http-nio-8082-exec-4] INFO  o.a.c.core.ContainerBase.[Tomcat].[localhost].[/] - Initializing Spring DispatcherServlet 'dispatcherServlet'
2022-09-07 11:50:25.106 [http-nio-8082-exec-4] INFO  com.zaxxer.hikari.HikariDataSource - HikariPool-1 - Starting...
2022-09-07 11:50:25.748 [http-nio-8082-exec-4] INFO  com.zaxxer.hikari.HikariDataSource - HikariPool-1 - Start completed.
2022-09-07 11:52:39.004 [SpringApplicationShutdownHook] INFO  com.zaxxer.hikari.HikariDataSource - HikariPool-1 - Shutdown initiated...
2022-09-07 11:52:39.012 [SpringApplicationShutdownHook] INFO  com.zaxxer.hikari.HikariDataSource - HikariPool-1 - Shutdown completed.
2022-09-07 11:52:45.171 [restartedMain] INFO  com.attendance.AttendanceApplication - Starting AttendanceApplication using Java 1.8.0_201 on DESKTOP-GI6AVI7 with PID 2844 (D:\java\java_practice\attendance\target\classes started by lihong in D:\java\java_practice\attendance)
2022-09-07 11:52:45.172 [restartedMain] INFO  com.attendance.AttendanceApplication - No active profile set, falling back to 1 default profile: "default"
2022-09-07 11:52:46.864 [restartedMain] INFO  org.apache.coyote.http11.Http11NioProtocol - Initializing ProtocolHandler ["http-nio-8082"]
2022-09-07 11:52:46.864 [restartedMain] INFO  org.apache.catalina.core.StandardService - Starting service [Tomcat]
2022-09-07 11:52:46.864 [restartedMain] INFO  org.apache.catalina.core.StandardEngine - Starting Servlet engine: [Apache Tomcat/9.0.65]
2022-09-07 11:52:46.943 [restartedMain] INFO  o.a.c.core.ContainerBase.[Tomcat].[localhost].[/] - Initializing Spring embedded WebApplicationContext
2022-09-07 11:52:48.074 [restartedMain] INFO  org.apache.coyote.http11.Http11NioProtocol - Starting ProtocolHandler ["http-nio-8082"]
2022-09-07 11:52:48.100 [restartedMain] INFO  com.attendance.AttendanceApplication - Started AttendanceApplication in 3.369 seconds (JVM running for 4.196)
2022-09-07 11:52:53.386 [http-nio-8082-exec-2] INFO  o.a.c.core.ContainerBase.[Tomcat].[localhost].[/] - Initializing Spring DispatcherServlet 'dispatcherServlet'
2022-09-07 11:52:53.896 [http-nio-8082-exec-2] INFO  com.zaxxer.hikari.HikariDataSource - HikariPool-1 - Starting...
2022-09-07 11:52:54.039 [http-nio-8082-exec-2] INFO  com.zaxxer.hikari.HikariDataSource - HikariPool-1 - Start completed.
2022-09-07 12:06:08.878 [restartedMain] INFO  com.attendance.AttendanceApplication - Starting AttendanceApplication using Java 1.8.0_201 on DESKTOP-GI6AVI7 with PID 18484 (D:\java\java_practice\attendance\target\classes started by lihong in D:\java\java_practice\attendance)
2022-09-07 12:06:08.879 [restartedMain] INFO  com.attendance.AttendanceApplication - No active profile set, falling back to 1 default profile: "default"
2022-09-07 12:06:10.287 [restartedMain] INFO  org.apache.coyote.http11.Http11NioProtocol - Initializing ProtocolHandler ["http-nio-8082"]
2022-09-07 12:06:10.287 [restartedMain] INFO  org.apache.catalina.core.StandardService - Starting service [Tomcat]
2022-09-07 12:06:10.287 [restartedMain] INFO  org.apache.catalina.core.StandardEngine - Starting Servlet engine: [Apache Tomcat/9.0.65]
2022-09-07 12:06:10.361 [restartedMain] INFO  o.a.c.core.ContainerBase.[Tomcat].[localhost].[/] - Initializing Spring embedded WebApplicationContext
2022-09-07 12:06:11.579 [restartedMain] INFO  org.apache.coyote.http11.Http11NioProtocol - Starting ProtocolHandler ["http-nio-8082"]
2022-09-07 12:06:11.601 [restartedMain] INFO  com.attendance.AttendanceApplication - Started AttendanceApplication in 3.097 seconds (JVM running for 3.703)
2022-09-07 12:07:38.644 [restartedMain] INFO  com.attendance.AttendanceApplication - Starting AttendanceApplication using Java 1.8.0_201 on DESKTOP-GI6AVI7 with PID 104 (D:\java\java_practice\attendance\target\classes started by lihong in D:\java\java_practice\attendance)
2022-09-07 12:07:38.645 [restartedMain] INFO  com.attendance.AttendanceApplication - No active profile set, falling back to 1 default profile: "default"
2022-09-07 12:07:39.728 [restartedMain] INFO  org.apache.coyote.http11.Http11NioProtocol - Initializing ProtocolHandler ["http-nio-8082"]
2022-09-07 12:07:39.728 [restartedMain] INFO  org.apache.catalina.core.StandardService - Starting service [Tomcat]
2022-09-07 12:07:39.728 [restartedMain] INFO  org.apache.catalina.core.StandardEngine - Starting Servlet engine: [Apache Tomcat/9.0.65]
2022-09-07 12:07:39.799 [restartedMain] INFO  o.a.c.core.ContainerBase.[Tomcat].[localhost].[/] - Initializing Spring embedded WebApplicationContext
2022-09-07 12:07:40.912 [restartedMain] INFO  org.apache.coyote.http11.Http11NioProtocol - Starting ProtocolHandler ["http-nio-8082"]
2022-09-07 12:07:40.934 [restartedMain] INFO  com.attendance.AttendanceApplication - Started AttendanceApplication in 2.614 seconds (JVM running for 3.356)
2022-09-07 12:07:44.291 [http-nio-8082-exec-4] INFO  o.a.c.core.ContainerBase.[Tomcat].[localhost].[/] - Initializing Spring DispatcherServlet 'dispatcherServlet'
2022-09-07 12:07:44.858 [http-nio-8082-exec-4] INFO  com.zaxxer.hikari.HikariDataSource - HikariPool-1 - Starting...
2022-09-07 12:07:45.049 [http-nio-8082-exec-4] INFO  com.zaxxer.hikari.HikariDataSource - HikariPool-1 - Start completed.
2022-09-07 12:08:07.332 [SpringApplicationShutdownHook] INFO  com.zaxxer.hikari.HikariDataSource - HikariPool-1 - Shutdown initiated...
2022-09-07 12:08:07.345 [SpringApplicationShutdownHook] INFO  com.zaxxer.hikari.HikariDataSource - HikariPool-1 - Shutdown completed.
2022-09-07 12:08:10.955 [restartedMain] INFO  com.attendance.AttendanceApplication - Starting AttendanceApplication using Java 1.8.0_201 on DESKTOP-GI6AVI7 with PID 20780 (D:\java\java_practice\attendance\target\classes started by lihong in D:\java\java_practice\attendance)
2022-09-07 12:08:10.956 [restartedMain] INFO  com.attendance.AttendanceApplication - No active profile set, falling back to 1 default profile: "default"
2022-09-07 12:08:12.511 [restartedMain] INFO  org.apache.coyote.http11.Http11NioProtocol - Initializing ProtocolHandler ["http-nio-8082"]
2022-09-07 12:08:12.512 [restartedMain] INFO  org.apache.catalina.core.StandardService - Starting service [Tomcat]
2022-09-07 12:08:12.512 [restartedMain] INFO  org.apache.catalina.core.StandardEngine - Starting Servlet engine: [Apache Tomcat/9.0.65]
2022-09-07 12:08:12.579 [restartedMain] INFO  o.a.c.core.ContainerBase.[Tomcat].[localhost].[/] - Initializing Spring embedded WebApplicationContext
2022-09-07 12:08:13.657 [restartedMain] INFO  org.apache.coyote.http11.Http11NioProtocol - Starting ProtocolHandler ["http-nio-8082"]
2022-09-07 12:08:13.682 [restartedMain] INFO  com.attendance.AttendanceApplication - Started AttendanceApplication in 3.067 seconds (JVM running for 3.603)
2022-09-07 12:08:18.232 [http-nio-8082-exec-1] INFO  o.a.c.core.ContainerBase.[Tomcat].[localhost].[/] - Initializing Spring DispatcherServlet 'dispatcherServlet'
2022-09-07 12:08:18.703 [http-nio-8082-exec-1] INFO  com.zaxxer.hikari.HikariDataSource - HikariPool-1 - Starting...
2022-09-07 12:08:18.851 [http-nio-8082-exec-1] INFO  com.zaxxer.hikari.HikariDataSource - HikariPool-1 - Start completed.
2022-09-07 12:08:59.795 [SpringApplicationShutdownHook] INFO  com.zaxxer.hikari.HikariDataSource - HikariPool-1 - Shutdown initiated...
2022-09-07 12:08:59.801 [SpringApplicationShutdownHook] INFO  com.zaxxer.hikari.HikariDataSource - HikariPool-1 - Shutdown completed.
2022-09-07 12:09:03.689 [restartedMain] INFO  com.attendance.AttendanceApplication - Starting AttendanceApplication using Java 1.8.0_201 on DESKTOP-GI6AVI7 with PID 10200 (D:\java\java_practice\attendance\target\classes started by lihong in D:\java\java_practice\attendance)
2022-09-07 12:09:03.690 [restartedMain] INFO  com.attendance.AttendanceApplication - No active profile set, falling back to 1 default profile: "default"
2022-09-07 12:09:04.777 [restartedMain] INFO  org.apache.coyote.http11.Http11NioProtocol - Initializing ProtocolHandler ["http-nio-8082"]
2022-09-07 12:09:04.777 [restartedMain] INFO  org.apache.catalina.core.StandardService - Starting service [Tomcat]
2022-09-07 12:09:04.777 [restartedMain] INFO  org.apache.catalina.core.StandardEngine - Starting Servlet engine: [Apache Tomcat/9.0.65]
2022-09-07 12:09:04.842 [restartedMain] INFO  o.a.c.core.ContainerBase.[Tomcat].[localhost].[/] - Initializing Spring embedded WebApplicationContext
2022-09-07 12:09:06.010 [restartedMain] INFO  org.apache.coyote.http11.Http11NioProtocol - Starting ProtocolHandler ["http-nio-8082"]
2022-09-07 12:09:06.035 [restartedMain] INFO  com.attendance.AttendanceApplication - Started AttendanceApplication in 2.672 seconds (JVM running for 3.345)
2022-09-07 12:09:08.370 [http-nio-8082-exec-4] INFO  o.a.c.core.ContainerBase.[Tomcat].[localhost].[/] - Initializing Spring DispatcherServlet 'dispatcherServlet'
2022-09-07 12:09:08.635 [http-nio-8082-exec-3] INFO  com.zaxxer.hikari.HikariDataSource - HikariPool-1 - Starting...
2022-09-07 12:09:08.781 [http-nio-8082-exec-3] INFO  com.zaxxer.hikari.HikariDataSource - HikariPool-1 - Start completed.
2022-09-07 12:10:13.014 [SpringApplicationShutdownHook] INFO  com.zaxxer.hikari.HikariDataSource - HikariPool-1 - Shutdown initiated...
2022-09-07 12:10:13.020 [SpringApplicationShutdownHook] INFO  com.zaxxer.hikari.HikariDataSource - HikariPool-1 - Shutdown completed.
2022-09-07 12:10:17.059 [restartedMain] INFO  com.attendance.AttendanceApplication - Starting AttendanceApplication using Java 1.8.0_201 on DESKTOP-GI6AVI7 with PID 9172 (D:\java\java_practice\attendance\target\classes started by lihong in D:\java\java_practice\attendance)
2022-09-07 12:10:17.061 [restartedMain] INFO  com.attendance.AttendanceApplication - No active profile set, falling back to 1 default profile: "default"
2022-09-07 12:10:18.377 [restartedMain] INFO  org.apache.coyote.http11.Http11NioProtocol - Initializing ProtocolHandler ["http-nio-8082"]
2022-09-07 12:10:18.378 [restartedMain] INFO  org.apache.catalina.core.StandardService - Starting service [Tomcat]
2022-09-07 12:10:18.378 [restartedMain] INFO  org.apache.catalina.core.StandardEngine - Starting Servlet engine: [Apache Tomcat/9.0.65]
2022-09-07 12:10:18.434 [restartedMain] INFO  o.a.c.core.ContainerBase.[Tomcat].[localhost].[/] - Initializing Spring embedded WebApplicationContext
2022-09-07 12:10:19.561 [restartedMain] INFO  org.apache.coyote.http11.Http11NioProtocol - Starting ProtocolHandler ["http-nio-8082"]
2022-09-07 12:10:19.585 [restartedMain] INFO  com.attendance.AttendanceApplication - Started AttendanceApplication in 2.978 seconds (JVM running for 3.582)
2022-09-07 12:10:26.263 [http-nio-8082-exec-1] INFO  o.a.c.core.ContainerBase.[Tomcat].[localhost].[/] - Initializing Spring DispatcherServlet 'dispatcherServlet'
2022-09-07 12:10:41.449 [restartedMain] INFO  com.attendance.AttendanceApplication - Starting AttendanceApplication using Java 1.8.0_201 on DESKTOP-GI6AVI7 with PID 6440 (D:\java\java_practice\attendance\target\classes started by lihong in D:\java\java_practice\attendance)
2022-09-07 12:10:41.450 [restartedMain] INFO  com.attendance.AttendanceApplication - No active profile set, falling back to 1 default profile: "default"
2022-09-07 12:10:42.498 [restartedMain] INFO  org.apache.coyote.http11.Http11NioProtocol - Initializing ProtocolHandler ["http-nio-8082"]
2022-09-07 12:10:42.498 [restartedMain] INFO  org.apache.catalina.core.StandardService - Starting service [Tomcat]
2022-09-07 12:10:42.498 [restartedMain] INFO  org.apache.catalina.core.StandardEngine - Starting Servlet engine: [Apache Tomcat/9.0.65]
2022-09-07 12:10:42.567 [restartedMain] INFO  o.a.c.core.ContainerBase.[Tomcat].[localhost].[/] - Initializing Spring embedded WebApplicationContext
2022-09-07 12:10:43.566 [restartedMain] INFO  org.apache.coyote.http11.Http11NioProtocol - Starting ProtocolHandler ["http-nio-8082"]
2022-09-07 12:10:43.589 [restartedMain] INFO  com.attendance.AttendanceApplication - Started AttendanceApplication in 2.477 seconds (JVM running for 3.047)
2022-09-07 12:10:44.474 [http-nio-8082-exec-4] INFO  o.a.c.core.ContainerBase.[Tomcat].[localhost].[/] - Initializing Spring DispatcherServlet 'dispatcherServlet'
2022-09-07 12:10:45.084 [http-nio-8082-exec-4] INFO  com.zaxxer.hikari.HikariDataSource - HikariPool-1 - Starting...
2022-09-07 12:10:45.260 [http-nio-8082-exec-4] INFO  com.zaxxer.hikari.HikariDataSource - HikariPool-1 - Start completed.
2022-09-07 12:10:51.852 [SpringApplicationShutdownHook] INFO  com.zaxxer.hikari.HikariDataSource - HikariPool-1 - Shutdown initiated...
2022-09-07 12:10:51.859 [SpringApplicationShutdownHook] INFO  com.zaxxer.hikari.HikariDataSource - HikariPool-1 - Shutdown completed.
2022-09-07 12:10:55.257 [restartedMain] INFO  com.attendance.AttendanceApplication - Starting AttendanceApplication using Java 1.8.0_201 on DESKTOP-GI6AVI7 with PID 14596 (D:\java\java_practice\attendance\target\classes started by lihong in D:\java\java_practice\attendance)
2022-09-07 12:10:55.258 [restartedMain] INFO  com.attendance.AttendanceApplication - No active profile set, falling back to 1 default profile: "default"
2022-09-07 12:10:56.620 [restartedMain] INFO  org.apache.coyote.http11.Http11NioProtocol - Initializing ProtocolHandler ["http-nio-8082"]
2022-09-07 12:10:56.620 [restartedMain] INFO  org.apache.catalina.core.StandardService - Starting service [Tomcat]
2022-09-07 12:10:56.620 [restartedMain] INFO  org.apache.catalina.core.StandardEngine - Starting Servlet engine: [Apache Tomcat/9.0.65]
2022-09-07 12:10:56.703 [restartedMain] INFO  o.a.c.core.ContainerBase.[Tomcat].[localhost].[/] - Initializing Spring embedded WebApplicationContext
2022-09-07 12:10:58.149 [restartedMain] INFO  org.apache.coyote.http11.Http11NioProtocol - Starting ProtocolHandler ["http-nio-8082"]
2022-09-07 12:10:58.176 [restartedMain] INFO  com.attendance.AttendanceApplication - Started AttendanceApplication in 3.301 seconds (JVM running for 4.265)
2022-09-07 12:10:58.366 [http-nio-8082-exec-1] INFO  o.a.c.core.ContainerBase.[Tomcat].[localhost].[/] - Initializing Spring DispatcherServlet 'dispatcherServlet'
2022-09-07 12:10:58.963 [http-nio-8082-exec-1] INFO  com.zaxxer.hikari.HikariDataSource - HikariPool-1 - Starting...
2022-09-07 12:10:59.342 [http-nio-8082-exec-1] INFO  com.zaxxer.hikari.HikariDataSource - HikariPool-1 - Start completed.
2022-09-07 12:11:17.275 [SpringApplicationShutdownHook] INFO  com.zaxxer.hikari.HikariDataSource - HikariPool-1 - Shutdown initiated...
2022-09-07 12:11:17.282 [SpringApplicationShutdownHook] INFO  com.zaxxer.hikari.HikariDataSource - HikariPool-1 - Shutdown completed.
2022-09-07 12:11:21.693 [restartedMain] INFO  com.attendance.AttendanceApplication - Starting AttendanceApplication using Java 1.8.0_201 on DESKTOP-GI6AVI7 with PID 11924 (D:\java\java_practice\attendance\target\classes started by lihong in D:\java\java_practice\attendance)
2022-09-07 12:11:21.694 [restartedMain] INFO  com.attendance.AttendanceApplication - No active profile set, falling back to 1 default profile: "default"
2022-09-07 12:11:23.019 [restartedMain] INFO  org.apache.coyote.http11.Http11NioProtocol - Initializing ProtocolHandler ["http-nio-8082"]
2022-09-07 12:11:23.020 [restartedMain] INFO  org.apache.catalina.core.StandardService - Starting service [Tomcat]
2022-09-07 12:11:23.020 [restartedMain] INFO  org.apache.catalina.core.StandardEngine - Starting Servlet engine: [Apache Tomcat/9.0.65]
2022-09-07 12:11:23.113 [restartedMain] INFO  o.a.c.core.ContainerBase.[Tomcat].[localhost].[/] - Initializing Spring embedded WebApplicationContext
2022-09-07 12:11:24.262 [restartedMain] INFO  org.apache.coyote.http11.Http11NioProtocol - Starting ProtocolHandler ["http-nio-8082"]
2022-09-07 12:11:24.287 [restartedMain] INFO  com.attendance.AttendanceApplication - Started AttendanceApplication in 3.177 seconds (JVM running for 3.962)
2022-09-07 12:11:25.519 [http-nio-8082-exec-1] INFO  o.a.c.core.ContainerBase.[Tomcat].[localhost].[/] - Initializing Spring DispatcherServlet 'dispatcherServlet'
2022-09-07 12:11:26.073 [http-nio-8082-exec-1] INFO  com.zaxxer.hikari.HikariDataSource - HikariPool-1 - Starting...
2022-09-07 12:11:26.385 [http-nio-8082-exec-1] INFO  com.zaxxer.hikari.HikariDataSource - HikariPool-1 - Start completed.
2022-09-07 12:11:51.018 [SpringApplicationShutdownHook] INFO  com.zaxxer.hikari.HikariDataSource - HikariPool-1 - Shutdown initiated...
2022-09-07 12:11:51.025 [SpringApplicationShutdownHook] INFO  com.zaxxer.hikari.HikariDataSource - HikariPool-1 - Shutdown completed.
2022-09-07 12:11:53.297 [restartedMain] INFO  com.attendance.AttendanceApplication - Starting AttendanceApplication using Java 1.8.0_201 on DESKTOP-GI6AVI7 with PID 18072 (D:\java\java_practice\attendance\target\classes started by lihong in D:\java\java_practice\attendance)
2022-09-07 12:11:53.298 [restartedMain] INFO  com.attendance.AttendanceApplication - No active profile set, falling back to 1 default profile: "default"
2022-09-07 12:11:54.352 [restartedMain] INFO  org.apache.coyote.http11.Http11NioProtocol - Initializing ProtocolHandler ["http-nio-8082"]
2022-09-07 12:11:54.353 [restartedMain] INFO  org.apache.catalina.core.StandardService - Starting service [Tomcat]
2022-09-07 12:11:54.353 [restartedMain] INFO  org.apache.catalina.core.StandardEngine - Starting Servlet engine: [Apache Tomcat/9.0.65]
2022-09-07 12:11:54.418 [restartedMain] INFO  o.a.c.core.ContainerBase.[Tomcat].[localhost].[/] - Initializing Spring embedded WebApplicationContext
2022-09-07 12:11:55.554 [restartedMain] INFO  org.apache.coyote.http11.Http11NioProtocol - Starting ProtocolHandler ["http-nio-8082"]
2022-09-07 12:11:55.588 [restartedMain] INFO  com.attendance.AttendanceApplication - Started AttendanceApplication in 2.679 seconds (JVM running for 3.399)
2022-09-07 12:12:17.326 [http-nio-8082-exec-1] INFO  o.a.c.core.ContainerBase.[Tomcat].[localhost].[/] - Initializing Spring DispatcherServlet 'dispatcherServlet'
2022-09-07 12:12:29.541 [http-nio-8082-exec-2] INFO  com.zaxxer.hikari.HikariDataSource - HikariPool-1 - Starting...
2022-09-07 12:12:29.801 [http-nio-8082-exec-2] INFO  com.zaxxer.hikari.HikariDataSource - HikariPool-1 - Start completed.
2022-09-07 12:15:21.156 [SpringApplicationShutdownHook] INFO  com.zaxxer.hikari.HikariDataSource - HikariPool-1 - Shutdown initiated...
2022-09-07 12:15:21.163 [SpringApplicationShutdownHook] INFO  com.zaxxer.hikari.HikariDataSource - HikariPool-1 - Shutdown completed.
2022-09-07 12:15:25.050 [restartedMain] INFO  com.attendance.AttendanceApplication - Starting AttendanceApplication using Java 1.8.0_201 on DESKTOP-GI6AVI7 with PID 5840 (D:\java\java_practice\attendance\target\classes started by lihong in D:\java\java_practice\attendance)
2022-09-07 12:15:25.051 [restartedMain] INFO  com.attendance.AttendanceApplication - No active profile set, falling back to 1 default profile: "default"
2022-09-07 12:15:26.252 [restartedMain] INFO  org.apache.coyote.http11.Http11NioProtocol - Initializing ProtocolHandler ["http-nio-8082"]
2022-09-07 12:15:26.252 [restartedMain] INFO  org.apache.catalina.core.StandardService - Starting service [Tomcat]
2022-09-07 12:15:26.253 [restartedMain] INFO  org.apache.catalina.core.StandardEngine - Starting Servlet engine: [Apache Tomcat/9.0.65]
2022-09-07 12:15:26.330 [restartedMain] INFO  o.a.c.core.ContainerBase.[Tomcat].[localhost].[/] - Initializing Spring embedded WebApplicationContext
2022-09-07 12:15:27.360 [restartedMain] INFO  org.apache.coyote.http11.Http11NioProtocol - Starting ProtocolHandler ["http-nio-8082"]
2022-09-07 12:15:27.382 [restartedMain] INFO  com.attendance.AttendanceApplication - Started AttendanceApplication in 2.667 seconds (JVM running for 3.238)
2022-09-07 12:15:33.880 [http-nio-8082-exec-3] INFO  o.a.c.core.ContainerBase.[Tomcat].[localhost].[/] - Initializing Spring DispatcherServlet 'dispatcherServlet'
2022-09-07 12:15:34.402 [http-nio-8082-exec-3] INFO  com.zaxxer.hikari.HikariDataSource - HikariPool-1 - Starting...
2022-09-07 12:15:34.556 [http-nio-8082-exec-3] INFO  com.zaxxer.hikari.HikariDataSource - HikariPool-1 - Start completed.
2022-09-07 12:17:55.514 [restartedMain] INFO  com.attendance.AttendanceApplication - Starting AttendanceApplication using Java 1.8.0_201 on DESKTOP-GI6AVI7 with PID 6884 (D:\java\java_practice\attendance\target\classes started by lihong in D:\java\java_practice\attendance)
2022-09-07 12:17:55.515 [restartedMain] INFO  com.attendance.AttendanceApplication - No active profile set, falling back to 1 default profile: "default"
2022-09-07 12:17:57.002 [restartedMain] INFO  org.apache.coyote.http11.Http11NioProtocol - Initializing ProtocolHandler ["http-nio-8082"]
2022-09-07 12:17:57.003 [restartedMain] INFO  org.apache.catalina.core.StandardService - Starting service [Tomcat]
2022-09-07 12:17:57.003 [restartedMain] INFO  org.apache.catalina.core.StandardEngine - Starting Servlet engine: [Apache Tomcat/9.0.65]
2022-09-07 12:17:57.072 [restartedMain] INFO  o.a.c.core.ContainerBase.[Tomcat].[localhost].[/] - Initializing Spring embedded WebApplicationContext
2022-09-07 12:17:58.250 [restartedMain] INFO  org.apache.coyote.http11.Http11NioProtocol - Starting ProtocolHandler ["http-nio-8082"]
2022-09-07 12:17:58.274 [restartedMain] INFO  com.attendance.AttendanceApplication - Started AttendanceApplication in 3.109 seconds (JVM running for 3.709)
2022-09-07 12:17:59.276 [http-nio-8082-exec-2] INFO  o.a.c.core.ContainerBase.[Tomcat].[localhost].[/] - Initializing Spring DispatcherServlet 'dispatcherServlet'
2022-09-07 12:17:59.813 [http-nio-8082-exec-2] INFO  com.zaxxer.hikari.HikariDataSource - HikariPool-1 - Starting...
2022-09-07 12:17:59.982 [http-nio-8082-exec-2] INFO  com.zaxxer.hikari.HikariDataSource - HikariPool-1 - Start completed.
2022-09-07 12:18:08.433 [SpringApplicationShutdownHook] INFO  com.zaxxer.hikari.HikariDataSource - HikariPool-1 - Shutdown initiated...
2022-09-07 12:18:08.440 [SpringApplicationShutdownHook] INFO  com.zaxxer.hikari.HikariDataSource - HikariPool-1 - Shutdown completed.
2022-09-07 12:18:11.063 [restartedMain] INFO  com.attendance.AttendanceApplication - Starting AttendanceApplication using Java 1.8.0_201 on DESKTOP-GI6AVI7 with PID 2192 (D:\java\java_practice\attendance\target\classes started by lihong in D:\java\java_practice\attendance)
2022-09-07 12:18:11.065 [restartedMain] INFO  com.attendance.AttendanceApplication - No active profile set, falling back to 1 default profile: "default"
2022-09-07 12:18:12.267 [restartedMain] INFO  org.apache.coyote.http11.Http11NioProtocol - Initializing ProtocolHandler ["http-nio-8082"]
2022-09-07 12:18:12.268 [restartedMain] INFO  org.apache.catalina.core.StandardService - Starting service [Tomcat]
2022-09-07 12:18:12.268 [restartedMain] INFO  org.apache.catalina.core.StandardEngine - Starting Servlet engine: [Apache Tomcat/9.0.65]
2022-09-07 12:18:12.341 [restartedMain] INFO  o.a.c.core.ContainerBase.[Tomcat].[localhost].[/] - Initializing Spring embedded WebApplicationContext
2022-09-07 12:18:13.566 [restartedMain] INFO  org.apache.coyote.http11.Http11NioProtocol - Starting ProtocolHandler ["http-nio-8082"]
2022-09-07 12:18:13.591 [restartedMain] INFO  com.attendance.AttendanceApplication - Started AttendanceApplication in 3.05 seconds (JVM running for 4.159)
2022-09-07 12:18:15.654 [http-nio-8082-exec-2] INFO  o.a.c.core.ContainerBase.[Tomcat].[localhost].[/] - Initializing Spring DispatcherServlet 'dispatcherServlet'
2022-09-07 12:18:34.545 [http-nio-8082-exec-2] INFO  com.zaxxer.hikari.HikariDataSource - HikariPool-1 - Starting...
2022-09-07 12:18:37.057 [restartedMain] INFO  com.attendance.AttendanceApplication - Starting AttendanceApplication using Java 1.8.0_201 on DESKTOP-GI6AVI7 with PID 12208 (D:\java\java_practice\attendance\target\classes started by lihong in D:\java\java_practice\attendance)
2022-09-07 12:18:37.058 [restartedMain] INFO  com.attendance.AttendanceApplication - No active profile set, falling back to 1 default profile: "default"
2022-09-07 12:18:38.247 [restartedMain] INFO  org.apache.coyote.http11.Http11NioProtocol - Initializing ProtocolHandler ["http-nio-8082"]
2022-09-07 12:18:38.248 [restartedMain] INFO  org.apache.catalina.core.StandardService - Starting service [Tomcat]
2022-09-07 12:18:38.248 [restartedMain] INFO  org.apache.catalina.core.StandardEngine - Starting Servlet engine: [Apache Tomcat/9.0.65]
2022-09-07 12:18:38.318 [restartedMain] INFO  o.a.c.core.ContainerBase.[Tomcat].[localhost].[/] - Initializing Spring embedded WebApplicationContext
2022-09-07 12:18:39.487 [restartedMain] INFO  org.apache.coyote.http11.Http11NioProtocol - Starting ProtocolHandler ["http-nio-8082"]
2022-09-07 12:18:39.512 [restartedMain] INFO  com.attendance.AttendanceApplication - Started AttendanceApplication in 3.259 seconds (JVM running for 4.241)
2022-09-07 12:18:41.802 [http-nio-8082-exec-1] INFO  o.a.c.core.ContainerBase.[Tomcat].[localhost].[/] - Initializing Spring DispatcherServlet 'dispatcherServlet'
2022-09-07 12:18:50.292 [http-nio-8082-exec-1] INFO  com.zaxxer.hikari.HikariDataSource - HikariPool-1 - Starting...
2022-09-07 12:18:51.087 [http-nio-8082-exec-1] INFO  com.zaxxer.hikari.HikariDataSource - HikariPool-1 - Start completed.
2022-09-07 12:19:36.284 [SpringApplicationShutdownHook] INFO  com.zaxxer.hikari.HikariDataSource - HikariPool-1 - Shutdown initiated...
2022-09-07 12:19:53.239 [restartedMain] INFO  com.attendance.AttendanceApplication - Starting AttendanceApplication using Java 1.8.0_201 on DESKTOP-GI6AVI7 with PID 15376 (D:\java\java_practice\attendance\target\classes started by lihong in D:\java\java_practice\attendance)
2022-09-07 12:19:53.240 [restartedMain] INFO  com.attendance.AttendanceApplication - No active profile set, falling back to 1 default profile: "default"
2022-09-07 12:19:54.423 [restartedMain] INFO  org.apache.coyote.http11.Http11NioProtocol - Initializing ProtocolHandler ["http-nio-8082"]
2022-09-07 12:19:54.423 [restartedMain] INFO  org.apache.catalina.core.StandardService - Starting service [Tomcat]
2022-09-07 12:19:54.424 [restartedMain] INFO  org.apache.catalina.core.StandardEngine - Starting Servlet engine: [Apache Tomcat/9.0.65]
2022-09-07 12:19:54.503 [restartedMain] INFO  o.a.c.core.ContainerBase.[Tomcat].[localhost].[/] - Initializing Spring embedded WebApplicationContext
2022-09-07 12:19:55.651 [restartedMain] INFO  org.apache.coyote.http11.Http11NioProtocol - Starting ProtocolHandler ["http-nio-8082"]
2022-09-07 12:19:55.678 [restartedMain] INFO  com.attendance.AttendanceApplication - Started AttendanceApplication in 2.887 seconds (JVM running for 3.572)
2022-09-07 12:20:06.464 [http-nio-8082-exec-3] INFO  o.a.c.core.ContainerBase.[Tomcat].[localhost].[/] - Initializing Spring DispatcherServlet 'dispatcherServlet'
2022-09-07 12:20:13.653 [http-nio-8082-exec-3] INFO  com.zaxxer.hikari.HikariDataSource - HikariPool-1 - Starting...
2022-09-07 12:20:14.453 [http-nio-8082-exec-3] INFO  com.zaxxer.hikari.HikariDataSource - HikariPool-1 - Start completed.
2022-09-07 12:32:19.469 [SpringApplicationShutdownHook] INFO  com.zaxxer.hikari.HikariDataSource - HikariPool-1 - Shutdown initiated...
2022-09-07 12:32:19.475 [SpringApplicationShutdownHook] INFO  com.zaxxer.hikari.HikariDataSource - HikariPool-1 - Shutdown completed.
2022-09-07 12:42:09.722 [restartedMain] INFO  com.attendance.AttendanceApplication - Starting AttendanceApplication using Java 1.8.0_201 on DESKTOP-GI6AVI7 with PID 13644 (D:\java\java_practice\attendance\target\classes started by lihong in D:\java\java_practice\attendance)
2022-09-07 12:42:09.723 [restartedMain] INFO  com.attendance.AttendanceApplication - No active profile set, falling back to 1 default profile: "default"
2022-09-07 12:42:11.020 [restartedMain] INFO  org.apache.coyote.http11.Http11NioProtocol - Initializing ProtocolHandler ["http-nio-8082"]
2022-09-07 12:42:11.020 [restartedMain] INFO  org.apache.catalina.core.StandardService - Starting service [Tomcat]
2022-09-07 12:42:11.020 [restartedMain] INFO  org.apache.catalina.core.StandardEngine - Starting Servlet engine: [Apache Tomcat/9.0.65]
2022-09-07 12:42:11.087 [restartedMain] INFO  o.a.c.core.ContainerBase.[Tomcat].[localhost].[/] - Initializing Spring embedded WebApplicationContext
2022-09-07 12:42:12.342 [restartedMain] INFO  org.apache.coyote.http11.Http11NioProtocol - Starting ProtocolHandler ["http-nio-8082"]
2022-09-07 12:42:12.367 [restartedMain] INFO  com.attendance.AttendanceApplication - Started AttendanceApplication in 3.104 seconds (JVM running for 3.946)
2022-09-07 12:42:14.074 [http-nio-8082-exec-3] INFO  o.a.c.core.ContainerBase.[Tomcat].[localhost].[/] - Initializing Spring DispatcherServlet 'dispatcherServlet'
2022-09-07 12:42:17.828 [http-nio-8082-exec-2] INFO  com.zaxxer.hikari.HikariDataSource - HikariPool-1 - Starting...
2022-09-07 12:42:18.122 [http-nio-8082-exec-2] INFO  com.zaxxer.hikari.HikariDataSource - HikariPool-1 - Start completed.
2022-09-07 12:43:34.468 [SpringApplicationShutdownHook] INFO  com.zaxxer.hikari.HikariDataSource - HikariPool-1 - Shutdown initiated...
2022-09-07 12:43:34.475 [SpringApplicationShutdownHook] INFO  com.zaxxer.hikari.HikariDataSource - HikariPool-1 - Shutdown completed.
2022-09-07 12:43:38.791 [restartedMain] INFO  com.attendance.AttendanceApplication - Starting AttendanceApplication using Java 1.8.0_201 on DESKTOP-GI6AVI7 with PID 16888 (D:\java\java_practice\attendance\target\classes started by lihong in D:\java\java_practice\attendance)
2022-09-07 12:43:38.792 [restartedMain] INFO  com.attendance.AttendanceApplication - No active profile set, falling back to 1 default profile: "default"
2022-09-07 12:43:40.012 [restartedMain] INFO  org.apache.coyote.http11.Http11NioProtocol - Initializing ProtocolHandler ["http-nio-8082"]
2022-09-07 12:43:40.013 [restartedMain] INFO  org.apache.catalina.core.StandardService - Starting service [Tomcat]
2022-09-07 12:43:40.013 [restartedMain] INFO  org.apache.catalina.core.StandardEngine - Starting Servlet engine: [Apache Tomcat/9.0.65]
2022-09-07 12:43:40.091 [restartedMain] INFO  o.a.c.core.ContainerBase.[Tomcat].[localhost].[/] - Initializing Spring embedded WebApplicationContext
2022-09-07 12:43:41.315 [restartedMain] INFO  org.apache.coyote.http11.Http11NioProtocol - Starting ProtocolHandler ["http-nio-8082"]
2022-09-07 12:43:41.337 [restartedMain] INFO  com.attendance.AttendanceApplication - Started AttendanceApplication in 2.877 seconds (JVM running for 3.481)
2022-09-07 12:43:41.829 [http-nio-8082-exec-1] INFO  o.a.c.core.ContainerBase.[Tomcat].[localhost].[/] - Initializing Spring DispatcherServlet 'dispatcherServlet'
2022-09-07 12:43:42.391 [http-nio-8082-exec-1] INFO  com.zaxxer.hikari.HikariDataSource - HikariPool-1 - Starting...
2022-09-07 12:43:42.590 [http-nio-8082-exec-1] INFO  com.zaxxer.hikari.HikariDataSource - HikariPool-1 - Start completed.
2022-09-07 12:43:58.472 [SpringApplicationShutdownHook] INFO  com.zaxxer.hikari.HikariDataSource - HikariPool-1 - Shutdown initiated...
2022-09-07 12:43:58.479 [SpringApplicationShutdownHook] INFO  com.zaxxer.hikari.HikariDataSource - HikariPool-1 - Shutdown completed.
2022-09-07 12:44:09.993 [restartedMain] INFO  com.attendance.AttendanceApplication - Starting AttendanceApplication using Java 1.8.0_201 on DESKTOP-GI6AVI7 with PID 2164 (D:\java\java_practice\attendance\target\classes started by lihong in D:\java\java_practice\attendance)
2022-09-07 12:44:09.994 [restartedMain] INFO  com.attendance.AttendanceApplication - No active profile set, falling back to 1 default profile: "default"
2022-09-07 12:44:11.142 [restartedMain] INFO  org.apache.coyote.http11.Http11NioProtocol - Initializing ProtocolHandler ["http-nio-8082"]
2022-09-07 12:44:11.142 [restartedMain] INFO  org.apache.catalina.core.StandardService - Starting service [Tomcat]
2022-09-07 12:44:11.142 [restartedMain] INFO  org.apache.catalina.core.StandardEngine - Starting Servlet engine: [Apache Tomcat/9.0.65]
2022-09-07 12:44:11.211 [restartedMain] INFO  o.a.c.core.ContainerBase.[Tomcat].[localhost].[/] - Initializing Spring embedded WebApplicationContext
2022-09-07 12:44:12.290 [restartedMain] INFO  org.apache.coyote.http11.Http11NioProtocol - Starting ProtocolHandler ["http-nio-8082"]
2022-09-07 12:44:12.318 [restartedMain] INFO  com.attendance.AttendanceApplication - Started AttendanceApplication in 2.775 seconds (JVM running for 3.523)
2022-09-07 12:44:26.406 [http-nio-8082-exec-4] INFO  o.a.c.core.ContainerBase.[Tomcat].[localhost].[/] - Initializing Spring DispatcherServlet 'dispatcherServlet'
2022-09-07 12:44:50.422 [http-nio-8082-exec-3] INFO  com.zaxxer.hikari.HikariDataSource - HikariPool-1 - Starting...
2022-09-07 12:44:50.671 [http-nio-8082-exec-3] INFO  com.zaxxer.hikari.HikariDataSource - HikariPool-1 - Start completed.
2022-09-07 12:56:53.654 [SpringApplicationShutdownHook] INFO  com.zaxxer.hikari.HikariDataSource - HikariPool-1 - Shutdown initiated...
2022-09-07 12:56:53.660 [SpringApplicationShutdownHook] INFO  com.zaxxer.hikari.HikariDataSource - HikariPool-1 - Shutdown completed.
2022-09-07 12:56:57.626 [restartedMain] INFO  com.attendance.AttendanceApplication - Starting AttendanceApplication using Java 1.8.0_201 on DESKTOP-GI6AVI7 with PID 7884 (D:\java\java_practice\attendance\target\classes started by lihong in D:\java\java_practice\attendance)
2022-09-07 12:56:57.627 [restartedMain] INFO  com.attendance.AttendanceApplication - No active profile set, falling back to 1 default profile: "default"
2022-09-07 12:56:58.667 [restartedMain] INFO  org.apache.coyote.http11.Http11NioProtocol - Initializing ProtocolHandler ["http-nio-8082"]
2022-09-07 12:56:58.667 [restartedMain] INFO  org.apache.catalina.core.StandardService - Starting service [Tomcat]
2022-09-07 12:56:58.668 [restartedMain] INFO  org.apache.catalina.core.StandardEngine - Starting Servlet engine: [Apache Tomcat/9.0.65]
2022-09-07 12:56:58.730 [restartedMain] INFO  o.a.c.core.ContainerBase.[Tomcat].[localhost].[/] - Initializing Spring embedded WebApplicationContext
2022-09-07 12:56:59.886 [restartedMain] INFO  org.apache.coyote.http11.Http11NioProtocol - Starting ProtocolHandler ["http-nio-8082"]
2022-09-07 12:56:59.909 [restartedMain] INFO  com.attendance.AttendanceApplication - Started AttendanceApplication in 2.614 seconds (JVM running for 3.226)
2022-09-07 12:57:11.637 [http-nio-8082-exec-4] INFO  o.a.c.core.ContainerBase.[Tomcat].[localhost].[/] - Initializing Spring DispatcherServlet 'dispatcherServlet'
2022-09-07 12:57:11.817 [http-nio-8082-exec-4] INFO  com.zaxxer.hikari.HikariDataSource - HikariPool-1 - Starting...
2022-09-07 12:57:12.072 [http-nio-8082-exec-4] INFO  com.zaxxer.hikari.HikariDataSource - HikariPool-1 - Start completed.
2022-09-07 13:00:07.775 [SpringApplicationShutdownHook] INFO  com.zaxxer.hikari.HikariDataSource - HikariPool-1 - Shutdown initiated...
2022-09-07 13:00:07.783 [SpringApplicationShutdownHook] INFO  com.zaxxer.hikari.HikariDataSource - HikariPool-1 - Shutdown completed.
2022-09-07 13:00:11.765 [restartedMain] INFO  com.attendance.AttendanceApplication - Starting AttendanceApplication using Java 1.8.0_201 on DESKTOP-GI6AVI7 with PID 13300 (D:\java\java_practice\attendance\target\classes started by lihong in D:\java\java_practice\attendance)
2022-09-07 13:00:11.766 [restartedMain] INFO  com.attendance.AttendanceApplication - No active profile set, falling back to 1 default profile: "default"
2022-09-07 13:00:12.841 [restartedMain] INFO  org.apache.coyote.http11.Http11NioProtocol - Initializing ProtocolHandler ["http-nio-8082"]
2022-09-07 13:00:12.842 [restartedMain] INFO  org.apache.catalina.core.StandardService - Starting service [Tomcat]
2022-09-07 13:00:12.842 [restartedMain] INFO  org.apache.catalina.core.StandardEngine - Starting Servlet engine: [Apache Tomcat/9.0.65]
2022-09-07 13:00:12.931 [restartedMain] INFO  o.a.c.core.ContainerBase.[Tomcat].[localhost].[/] - Initializing Spring embedded WebApplicationContext
2022-09-07 13:00:13.990 [restartedMain] INFO  org.apache.coyote.http11.Http11NioProtocol - Starting ProtocolHandler ["http-nio-8082"]
2022-09-07 13:00:14.013 [restartedMain] INFO  com.attendance.AttendanceApplication - Started AttendanceApplication in 2.573 seconds (JVM running for 3.197)
2022-09-07 13:00:16.816 [http-nio-8082-exec-1] INFO  o.a.c.core.ContainerBase.[Tomcat].[localhost].[/] - Initializing Spring DispatcherServlet 'dispatcherServlet'
2022-09-07 13:00:17.429 [http-nio-8082-exec-1] INFO  com.zaxxer.hikari.HikariDataSource - HikariPool-1 - Starting...
2022-09-07 13:00:17.576 [http-nio-8082-exec-1] INFO  com.zaxxer.hikari.HikariDataSource - HikariPool-1 - Start completed.
2022-09-07 13:01:39.345 [SpringApplicationShutdownHook] INFO  com.zaxxer.hikari.HikariDataSource - HikariPool-1 - Shutdown initiated...
2022-09-07 13:01:39.353 [SpringApplicationShutdownHook] INFO  com.zaxxer.hikari.HikariDataSource - HikariPool-1 - Shutdown completed.
2022-09-07 13:01:42.189 [restartedMain] INFO  com.attendance.AttendanceApplication - Starting AttendanceApplication using Java 1.8.0_201 on DESKTOP-GI6AVI7 with PID 20412 (D:\java\java_practice\attendance\target\classes started by lihong in D:\java\java_practice\attendance)
2022-09-07 13:01:42.197 [restartedMain] INFO  com.attendance.AttendanceApplication - No active profile set, falling back to 1 default profile: "default"
2022-09-07 13:01:43.261 [restartedMain] INFO  org.apache.coyote.http11.Http11NioProtocol - Initializing ProtocolHandler ["http-nio-8082"]
2022-09-07 13:01:43.261 [restartedMain] INFO  org.apache.catalina.core.StandardService - Starting service [Tomcat]
2022-09-07 13:01:43.262 [restartedMain] INFO  org.apache.catalina.core.StandardEngine - Starting Servlet engine: [Apache Tomcat/9.0.65]
2022-09-07 13:01:43.326 [restartedMain] INFO  o.a.c.core.ContainerBase.[Tomcat].[localhost].[/] - Initializing Spring embedded WebApplicationContext
2022-09-07 13:01:44.390 [restartedMain] INFO  org.apache.coyote.http11.Http11NioProtocol - Starting ProtocolHandler ["http-nio-8082"]
2022-09-07 13:01:44.415 [restartedMain] INFO  com.attendance.AttendanceApplication - Started AttendanceApplication in 2.613 seconds (JVM running for 3.604)
2022-09-07 13:01:47.862 [http-nio-8082-exec-1] INFO  o.a.c.core.ContainerBase.[Tomcat].[localhost].[/] - Initializing Spring DispatcherServlet 'dispatcherServlet'
2022-09-07 13:01:48.508 [http-nio-8082-exec-1] INFO  com.zaxxer.hikari.HikariDataSource - HikariPool-1 - Starting...
2022-09-07 13:01:48.668 [http-nio-8082-exec-1] INFO  com.zaxxer.hikari.HikariDataSource - HikariPool-1 - Start completed.
2022-09-07 13:02:35.749 [SpringApplicationShutdownHook] INFO  com.zaxxer.hikari.HikariDataSource - HikariPool-1 - Shutdown initiated...
2022-09-07 13:02:35.755 [SpringApplicationShutdownHook] INFO  com.zaxxer.hikari.HikariDataSource - HikariPool-1 - Shutdown completed.
2022-09-07 13:02:38.102 [restartedMain] INFO  com.attendance.AttendanceApplication - Starting AttendanceApplication using Java 1.8.0_201 on DESKTOP-GI6AVI7 with PID 15068 (D:\java\java_practice\attendance\target\classes started by lihong in D:\java\java_practice\attendance)
2022-09-07 13:02:38.103 [restartedMain] INFO  com.attendance.AttendanceApplication - No active profile set, falling back to 1 default profile: "default"
2022-09-07 13:02:39.246 [restartedMain] INFO  org.apache.coyote.http11.Http11NioProtocol - Initializing ProtocolHandler ["http-nio-8082"]
2022-09-07 13:02:39.247 [restartedMain] INFO  org.apache.catalina.core.StandardService - Starting service [Tomcat]
2022-09-07 13:02:39.247 [restartedMain] INFO  org.apache.catalina.core.StandardEngine - Starting Servlet engine: [Apache Tomcat/9.0.65]
2022-09-07 13:02:39.317 [restartedMain] INFO  o.a.c.core.ContainerBase.[Tomcat].[localhost].[/] - Initializing Spring embedded WebApplicationContext
2022-09-07 13:02:40.636 [restartedMain] INFO  org.apache.coyote.http11.Http11NioProtocol - Starting ProtocolHandler ["http-nio-8082"]
2022-09-07 13:02:40.683 [restartedMain] INFO  com.attendance.AttendanceApplication - Started AttendanceApplication in 2.94 seconds (JVM running for 3.697)
2022-09-07 13:02:49.984 [http-nio-8082-exec-1] INFO  o.a.c.core.ContainerBase.[Tomcat].[localhost].[/] - Initializing Spring DispatcherServlet 'dispatcherServlet'
2022-09-07 13:02:50.608 [http-nio-8082-exec-1] INFO  com.zaxxer.hikari.HikariDataSource - HikariPool-1 - Starting...
2022-09-07 13:02:50.751 [http-nio-8082-exec-1] INFO  com.zaxxer.hikari.HikariDataSource - HikariPool-1 - Start completed.
2022-09-07 13:12:48.040 [SpringApplicationShutdownHook] INFO  com.zaxxer.hikari.HikariDataSource - HikariPool-1 - Shutdown initiated...
2022-09-07 13:12:48.046 [SpringApplicationShutdownHook] INFO  com.zaxxer.hikari.HikariDataSource - HikariPool-1 - Shutdown completed.
2022-09-07 13:12:51.819 [restartedMain] INFO  com.attendance.AttendanceApplication - Starting AttendanceApplication using Java 1.8.0_201 on DESKTOP-GI6AVI7 with PID 11464 (D:\java\java_practice\attendance\target\classes started by lihong in D:\java\java_practice\attendance)
2022-09-07 13:12:51.820 [restartedMain] INFO  com.attendance.AttendanceApplication - No active profile set, falling back to 1 default profile: "default"
2022-09-07 13:12:52.929 [restartedMain] INFO  org.apache.coyote.http11.Http11NioProtocol - Initializing ProtocolHandler ["http-nio-8082"]
2022-09-07 13:12:52.929 [restartedMain] INFO  org.apache.catalina.core.StandardService - Starting service [Tomcat]
2022-09-07 13:12:52.929 [restartedMain] INFO  org.apache.catalina.core.StandardEngine - Starting Servlet engine: [Apache Tomcat/9.0.65]
2022-09-07 13:12:52.993 [restartedMain] INFO  o.a.c.core.ContainerBase.[Tomcat].[localhost].[/] - Initializing Spring embedded WebApplicationContext
2022-09-07 13:12:54.083 [restartedMain] INFO  org.apache.coyote.http11.Http11NioProtocol - Starting ProtocolHandler ["http-nio-8082"]
2022-09-07 13:12:54.108 [restartedMain] INFO  com.attendance.AttendanceApplication - Started AttendanceApplication in 2.648 seconds (JVM running for 3.245)
2022-09-07 13:12:56.678 [http-nio-8082-exec-1] INFO  o.a.c.core.ContainerBase.[Tomcat].[localhost].[/] - Initializing Spring DispatcherServlet 'dispatcherServlet'
2022-09-07 13:12:57.458 [http-nio-8082-exec-1] INFO  com.zaxxer.hikari.HikariDataSource - HikariPool-1 - Starting...
2022-09-07 13:12:57.623 [http-nio-8082-exec-1] INFO  com.zaxxer.hikari.HikariDataSource - HikariPool-1 - Start completed.
2022-09-07 13:15:25.454 [SpringApplicationShutdownHook] INFO  com.zaxxer.hikari.HikariDataSource - HikariPool-1 - Shutdown initiated...
2022-09-07 13:15:25.461 [SpringApplicationShutdownHook] INFO  com.zaxxer.hikari.HikariDataSource - HikariPool-1 - Shutdown completed.
2022-09-07 13:15:38.907 [restartedMain] INFO  com.attendance.AttendanceApplication - Starting AttendanceApplication using Java 1.8.0_201 on DESKTOP-GI6AVI7 with PID 15280 (D:\java\java_practice\attendance\target\classes started by lihong in D:\java\java_practice\attendance)
2022-09-07 13:15:38.908 [restartedMain] INFO  com.attendance.AttendanceApplication - No active profile set, falling back to 1 default profile: "default"
2022-09-07 13:15:40.009 [restartedMain] INFO  org.apache.coyote.http11.Http11NioProtocol - Initializing ProtocolHandler ["http-nio-8082"]
2022-09-07 13:15:40.010 [restartedMain] INFO  org.apache.catalina.core.StandardService - Starting service [Tomcat]
2022-09-07 13:15:40.010 [restartedMain] INFO  org.apache.catalina.core.StandardEngine - Starting Servlet engine: [Apache Tomcat/9.0.65]
2022-09-07 13:15:40.068 [restartedMain] INFO  o.a.c.core.ContainerBase.[Tomcat].[localhost].[/] - Initializing Spring embedded WebApplicationContext
2022-09-07 13:15:41.111 [restartedMain] INFO  org.apache.coyote.http11.Http11NioProtocol - Starting ProtocolHandler ["http-nio-8082"]
2022-09-07 13:15:41.134 [restartedMain] INFO  com.attendance.AttendanceApplication - Started AttendanceApplication in 2.749 seconds (JVM running for 3.445)
2022-09-07 13:15:42.140 [http-nio-8082-exec-1] INFO  o.a.c.core.ContainerBase.[Tomcat].[localhost].[/] - Initializing Spring DispatcherServlet 'dispatcherServlet'
2022-09-07 13:15:42.755 [http-nio-8082-exec-1] INFO  com.zaxxer.hikari.HikariDataSource - HikariPool-1 - Starting...
2022-09-07 13:15:42.897 [http-nio-8082-exec-1] INFO  com.zaxxer.hikari.HikariDataSource - HikariPool-1 - Start completed.
2022-09-07 13:24:03.706 [SpringApplicationShutdownHook] INFO  com.zaxxer.hikari.HikariDataSource - HikariPool-1 - Shutdown initiated...
2022-09-07 13:24:03.712 [SpringApplicationShutdownHook] INFO  com.zaxxer.hikari.HikariDataSource - HikariPool-1 - Shutdown completed.
2022-09-07 13:24:17.271 [restartedMain] INFO  com.attendance.AttendanceApplication - Starting AttendanceApplication using Java 1.8.0_201 on DESKTOP-GI6AVI7 with PID 3884 (D:\java\java_practice\attendance\target\classes started by lihong in D:\java\java_practice\attendance)
2022-09-07 13:24:17.272 [restartedMain] INFO  com.attendance.AttendanceApplication - No active profile set, falling back to 1 default profile: "default"
2022-09-07 13:24:18.549 [restartedMain] INFO  org.apache.coyote.http11.Http11NioProtocol - Initializing ProtocolHandler ["http-nio-8082"]
2022-09-07 13:24:18.550 [restartedMain] INFO  org.apache.catalina.core.StandardService - Starting service [Tomcat]
2022-09-07 13:24:18.550 [restartedMain] INFO  org.apache.catalina.core.StandardEngine - Starting Servlet engine: [Apache Tomcat/9.0.65]
2022-09-07 13:24:18.622 [restartedMain] INFO  o.a.c.core.ContainerBase.[Tomcat].[localhost].[/] - Initializing Spring embedded WebApplicationContext
2022-09-07 13:24:19.717 [restartedMain] INFO  org.apache.coyote.http11.Http11NioProtocol - Starting ProtocolHandler ["http-nio-8082"]
2022-09-07 13:24:19.763 [restartedMain] INFO  com.attendance.AttendanceApplication - Started AttendanceApplication in 2.833 seconds (JVM running for 3.485)
2022-09-07 13:24:20.486 [http-nio-8082-exec-1] INFO  o.a.c.core.ContainerBase.[Tomcat].[localhost].[/] - Initializing Spring DispatcherServlet 'dispatcherServlet'
2022-09-07 13:24:21.065 [http-nio-8082-exec-1] INFO  com.zaxxer.hikari.HikariDataSource - HikariPool-1 - Starting...
2022-09-07 13:24:21.224 [http-nio-8082-exec-1] INFO  com.zaxxer.hikari.HikariDataSource - HikariPool-1 - Start completed.
2022-09-07 13:25:47.701 [SpringApplicationShutdownHook] INFO  com.zaxxer.hikari.HikariDataSource - HikariPool-1 - Shutdown initiated...
2022-09-07 13:25:47.708 [SpringApplicationShutdownHook] INFO  com.zaxxer.hikari.HikariDataSource - HikariPool-1 - Shutdown completed.
2022-09-07 13:25:51.866 [restartedMain] INFO  com.attendance.AttendanceApplication - Starting AttendanceApplication using Java 1.8.0_201 on DESKTOP-GI6AVI7 with PID 18316 (D:\java\java_practice\attendance\target\classes started by lihong in D:\java\java_practice\attendance)
2022-09-07 13:25:51.868 [restartedMain] INFO  com.attendance.AttendanceApplication - No active profile set, falling back to 1 default profile: "default"
2022-09-07 13:25:53.131 [restartedMain] INFO  org.apache.coyote.http11.Http11NioProtocol - Initializing ProtocolHandler ["http-nio-8082"]
2022-09-07 13:25:53.131 [restartedMain] INFO  org.apache.catalina.core.StandardService - Starting service [Tomcat]
2022-09-07 13:25:53.131 [restartedMain] INFO  org.apache.catalina.core.StandardEngine - Starting Servlet engine: [Apache Tomcat/9.0.65]
2022-09-07 13:25:53.197 [restartedMain] INFO  o.a.c.core.ContainerBase.[Tomcat].[localhost].[/] - Initializing Spring embedded WebApplicationContext
2022-09-07 13:25:54.229 [restartedMain] INFO  org.apache.coyote.http11.Http11NioProtocol - Starting ProtocolHandler ["http-nio-8082"]
2022-09-07 13:25:54.253 [restartedMain] INFO  com.attendance.AttendanceApplication - Started AttendanceApplication in 2.821 seconds (JVM running for 3.402)
2022-09-07 13:25:56.066 [http-nio-8082-exec-1] INFO  o.a.c.core.ContainerBase.[Tomcat].[localhost].[/] - Initializing Spring DispatcherServlet 'dispatcherServlet'
2022-09-07 13:25:56.675 [http-nio-8082-exec-1] INFO  com.zaxxer.hikari.HikariDataSource - HikariPool-1 - Starting...
2022-09-07 13:25:56.818 [http-nio-8082-exec-1] INFO  com.zaxxer.hikari.HikariDataSource - HikariPool-1 - Start completed.
2022-09-07 13:27:06.886 [SpringApplicationShutdownHook] INFO  com.zaxxer.hikari.HikariDataSource - HikariPool-1 - Shutdown initiated...
2022-09-07 13:27:06.892 [SpringApplicationShutdownHook] INFO  com.zaxxer.hikari.HikariDataSource - HikariPool-1 - Shutdown completed.
2022-09-07 13:27:10.559 [restartedMain] INFO  com.attendance.AttendanceApplication - Starting AttendanceApplication using Java 1.8.0_201 on DESKTOP-GI6AVI7 with PID 12148 (D:\java\java_practice\attendance\target\classes started by lihong in D:\java\java_practice\attendance)
2022-09-07 13:27:10.560 [restartedMain] INFO  com.attendance.AttendanceApplication - No active profile set, falling back to 1 default profile: "default"
2022-09-07 13:27:11.851 [restartedMain] INFO  org.apache.coyote.http11.Http11NioProtocol - Initializing ProtocolHandler ["http-nio-8082"]
2022-09-07 13:27:11.852 [restartedMain] INFO  org.apache.catalina.core.StandardService - Starting service [Tomcat]
2022-09-07 13:27:11.852 [restartedMain] INFO  org.apache.catalina.core.StandardEngine - Starting Servlet engine: [Apache Tomcat/9.0.65]
2022-09-07 13:27:11.922 [restartedMain] INFO  o.a.c.core.ContainerBase.[Tomcat].[localhost].[/] - Initializing Spring embedded WebApplicationContext
2022-09-07 13:27:12.955 [restartedMain] INFO  org.apache.coyote.http11.Http11NioProtocol - Starting ProtocolHandler ["http-nio-8082"]
2022-09-07 13:27:12.979 [restartedMain] INFO  com.attendance.AttendanceApplication - Started AttendanceApplication in 2.77 seconds (JVM running for 3.331)
