2022-09-10 01:00:01.127 [scheduling-1] INFO  com.attendance.system.impl.TokenServiceImpl - 获取DingTalkToken,redis成功
2022-09-10 01:00:11.599 [scheduling-1] INFO  com.attendance.system.impl.ScheduledTask - 数据获取完毕
2022-09-10 01:00:11.961 [scheduling-1] INFO  com.attendance.system.impl.ScheduledTask - 数据获取完毕
2022-09-10 01:00:11.961 [scheduling-1] INFO  com.attendance.system.impl.ScheduledTask - 考勤数据持久化成功
2022-09-10 09:57:08.624 [SpringApplicationShutdownHook] INFO  com.alibaba.druid.pool.DruidDataSource - {dataSource-1} closing ...
2022-09-10 09:57:08.625 [SpringApplicationShutdownHook] INFO  com.alibaba.druid.pool.DruidDataSource - {dataSource-1} closed
2022-09-10 09:57:21.734 [restartedMain] INFO  com.attendance.AttendanceApplication - Starting AttendanceApplication using Java 1.8.0_201 on DESKTOP-GI6AVI7 with PID 8920 (D:\java\java_practice\attendance\target\classes started by lihong in D:\java\java_practice\attendance)
2022-09-10 09:57:21.736 [restartedMain] INFO  com.attendance.AttendanceApplication - No active profile set, falling back to 1 default profile: "default"
2022-09-10 09:57:24.501 [restartedMain] INFO  org.apache.coyote.http11.Http11NioProtocol - Initializing ProtocolHandler ["http-nio-8082"]
2022-09-10 09:57:24.501 [restartedMain] INFO  org.apache.catalina.core.StandardService - Starting service [Tomcat]
2022-09-10 09:57:24.501 [restartedMain] INFO  org.apache.catalina.core.StandardEngine - Starting Servlet engine: [Apache Tomcat/9.0.65]
2022-09-10 09:57:24.623 [restartedMain] INFO  o.a.c.core.ContainerBase.[Tomcat].[localhost].[/] - Initializing Spring embedded WebApplicationContext
2022-09-10 09:57:25.071 [restartedMain] INFO  c.a.d.s.b.a.DruidDataSourceAutoConfigure - Init DruidDataSource
2022-09-10 09:57:25.176 [restartedMain] INFO  com.alibaba.druid.pool.DruidDataSource - {dataSource-1} inited
2022-09-10 09:57:26.572 [restartedMain] INFO  org.apache.coyote.http11.Http11NioProtocol - Starting ProtocolHandler ["http-nio-8082"]
2022-09-10 09:57:26.616 [restartedMain] INFO  com.attendance.AttendanceApplication - Started AttendanceApplication in 5.628 seconds (JVM running for 7.04)
2022-09-10 09:57:32.428 [http-nio-8082-exec-1] INFO  o.a.c.core.ContainerBase.[Tomcat].[localhost].[/] - Initializing Spring DispatcherServlet 'dispatcherServlet'
2022-09-10 09:58:14.225 [SpringApplicationShutdownHook] INFO  com.alibaba.druid.pool.DruidDataSource - {dataSource-1} closing ...
2022-09-10 09:58:14.228 [SpringApplicationShutdownHook] INFO  com.alibaba.druid.pool.DruidDataSource - {dataSource-1} closed
2022-09-10 09:58:19.879 [restartedMain] INFO  com.attendance.AttendanceApplication - Starting AttendanceApplication using Java 1.8.0_201 on DESKTOP-GI6AVI7 with PID 7836 (D:\java\java_practice\attendance\target\classes started by lihong in D:\java\java_practice\attendance)
2022-09-10 09:58:19.880 [restartedMain] INFO  com.attendance.AttendanceApplication - No active profile set, falling back to 1 default profile: "default"
2022-09-10 09:58:21.542 [restartedMain] INFO  org.apache.coyote.http11.Http11NioProtocol - Initializing ProtocolHandler ["http-nio-8082"]
2022-09-10 09:58:21.543 [restartedMain] INFO  org.apache.catalina.core.StandardService - Starting service [Tomcat]
2022-09-10 09:58:21.543 [restartedMain] INFO  org.apache.catalina.core.StandardEngine - Starting Servlet engine: [Apache Tomcat/9.0.65]
2022-09-10 09:58:21.631 [restartedMain] INFO  o.a.c.core.ContainerBase.[Tomcat].[localhost].[/] - Initializing Spring embedded WebApplicationContext
2022-09-10 09:58:22.019 [restartedMain] INFO  c.a.d.s.b.a.DruidDataSourceAutoConfigure - Init DruidDataSource
2022-09-10 09:58:22.093 [restartedMain] INFO  com.alibaba.druid.pool.DruidDataSource - {dataSource-1} inited
2022-09-10 09:58:23.119 [restartedMain] INFO  org.apache.coyote.http11.Http11NioProtocol - Starting ProtocolHandler ["http-nio-8082"]
2022-09-10 09:58:23.141 [restartedMain] INFO  com.attendance.AttendanceApplication - Started AttendanceApplication in 3.607 seconds (JVM running for 4.484)
2022-09-10 09:58:26.775 [http-nio-8082-exec-1] INFO  o.a.c.core.ContainerBase.[Tomcat].[localhost].[/] - Initializing Spring DispatcherServlet 'dispatcherServlet'
2022-09-10 09:59:17.972 [SpringApplicationShutdownHook] INFO  com.alibaba.druid.pool.DruidDataSource - {dataSource-1} closing ...
2022-09-10 09:59:17.974 [SpringApplicationShutdownHook] INFO  com.alibaba.druid.pool.DruidDataSource - {dataSource-1} closed
2022-09-10 09:59:22.105 [restartedMain] INFO  com.attendance.AttendanceApplication - Starting AttendanceApplication using Java 1.8.0_201 on DESKTOP-GI6AVI7 with PID 19880 (D:\java\java_practice\attendance\target\classes started by lihong in D:\java\java_practice\attendance)
2022-09-10 09:59:22.106 [restartedMain] INFO  com.attendance.AttendanceApplication - No active profile set, falling back to 1 default profile: "default"
2022-09-10 09:59:23.265 [restartedMain] INFO  org.apache.coyote.http11.Http11NioProtocol - Initializing ProtocolHandler ["http-nio-8082"]
2022-09-10 09:59:23.265 [restartedMain] INFO  org.apache.catalina.core.StandardService - Starting service [Tomcat]
2022-09-10 09:59:23.265 [restartedMain] INFO  org.apache.catalina.core.StandardEngine - Starting Servlet engine: [Apache Tomcat/9.0.65]
2022-09-10 09:59:23.354 [restartedMain] INFO  o.a.c.core.ContainerBase.[Tomcat].[localhost].[/] - Initializing Spring embedded WebApplicationContext
2022-09-10 09:59:23.783 [restartedMain] INFO  c.a.d.s.b.a.DruidDataSourceAutoConfigure - Init DruidDataSource
2022-09-10 09:59:23.847 [restartedMain] INFO  com.alibaba.druid.pool.DruidDataSource - {dataSource-1} inited
2022-09-10 09:59:24.774 [restartedMain] INFO  org.apache.coyote.http11.Http11NioProtocol - Starting ProtocolHandler ["http-nio-8082"]
2022-09-10 09:59:24.796 [restartedMain] INFO  com.attendance.AttendanceApplication - Started AttendanceApplication in 3.037 seconds (JVM running for 3.748)
2022-09-10 09:59:26.569 [http-nio-8082-exec-4] INFO  o.a.c.core.ContainerBase.[Tomcat].[localhost].[/] - Initializing Spring DispatcherServlet 'dispatcherServlet'
2022-09-10 09:59:52.934 [SpringApplicationShutdownHook] INFO  com.alibaba.druid.pool.DruidDataSource - {dataSource-1} closing ...
2022-09-10 09:59:52.935 [SpringApplicationShutdownHook] INFO  com.alibaba.druid.pool.DruidDataSource - {dataSource-1} closed
2022-09-10 09:59:57.009 [restartedMain] INFO  com.attendance.AttendanceApplication - Starting AttendanceApplication using Java 1.8.0_201 on DESKTOP-GI6AVI7 with PID 20520 (D:\java\java_practice\attendance\target\classes started by lihong in D:\java\java_practice\attendance)
2022-09-10 09:59:57.010 [restartedMain] INFO  com.attendance.AttendanceApplication - No active profile set, falling back to 1 default profile: "default"
2022-09-10 09:59:58.142 [restartedMain] INFO  org.apache.coyote.http11.Http11NioProtocol - Initializing ProtocolHandler ["http-nio-8082"]
2022-09-10 09:59:58.143 [restartedMain] INFO  org.apache.catalina.core.StandardService - Starting service [Tomcat]
2022-09-10 09:59:58.143 [restartedMain] INFO  org.apache.catalina.core.StandardEngine - Starting Servlet engine: [Apache Tomcat/9.0.65]
2022-09-10 09:59:58.227 [restartedMain] INFO  o.a.c.core.ContainerBase.[Tomcat].[localhost].[/] - Initializing Spring embedded WebApplicationContext
2022-09-10 09:59:58.599 [restartedMain] INFO  c.a.d.s.b.a.DruidDataSourceAutoConfigure - Init DruidDataSource
2022-09-10 09:59:58.684 [restartedMain] INFO  com.alibaba.druid.pool.DruidDataSource - {dataSource-1} inited
2022-09-10 09:59:59.576 [restartedMain] INFO  org.apache.coyote.http11.Http11NioProtocol - Starting ProtocolHandler ["http-nio-8082"]
2022-09-10 09:59:59.599 [restartedMain] INFO  com.attendance.AttendanceApplication - Started AttendanceApplication in 2.932 seconds (JVM running for 3.652)
2022-09-10 10:00:01.023 [http-nio-8082-exec-4] INFO  o.a.c.core.ContainerBase.[Tomcat].[localhost].[/] - Initializing Spring DispatcherServlet 'dispatcherServlet'
2022-09-10 10:02:25.305 [SpringApplicationShutdownHook] INFO  com.alibaba.druid.pool.DruidDataSource - {dataSource-1} closing ...
2022-09-10 10:02:25.307 [SpringApplicationShutdownHook] INFO  com.alibaba.druid.pool.DruidDataSource - {dataSource-1} closed
2022-09-10 15:06:44.759 [restartedMain] INFO  com.attendance.AttendanceApplication - Starting AttendanceApplication using Java 1.8.0_201 on DESKTOP-GI6AVI7 with PID 7220 (D:\java\java_practice\attendance\target\classes started by lihong in D:\java\java_practice\attendance)
2022-09-10 15:06:44.770 [restartedMain] INFO  com.attendance.AttendanceApplication - No active profile set, falling back to 1 default profile: "default"
2022-09-10 15:06:46.864 [restartedMain] INFO  org.apache.coyote.http11.Http11NioProtocol - Initializing ProtocolHandler ["http-nio-8082"]
2022-09-10 15:06:46.866 [restartedMain] INFO  org.apache.catalina.core.StandardService - Starting service [Tomcat]
2022-09-10 15:06:46.867 [restartedMain] INFO  org.apache.catalina.core.StandardEngine - Starting Servlet engine: [Apache Tomcat/9.0.65]
2022-09-10 15:06:46.969 [restartedMain] INFO  o.a.c.core.ContainerBase.[Tomcat].[localhost].[/] - Initializing Spring embedded WebApplicationContext
2022-09-10 15:06:47.461 [restartedMain] INFO  c.a.d.s.b.a.DruidDataSourceAutoConfigure - Init DruidDataSource
2022-09-10 15:06:47.544 [restartedMain] INFO  com.alibaba.druid.pool.DruidDataSource - {dataSource-1} inited
2022-09-10 15:06:48.880 [restartedMain] INFO  org.apache.coyote.http11.Http11NioProtocol - Starting ProtocolHandler ["http-nio-8082"]
2022-09-10 15:06:48.908 [restartedMain] INFO  com.attendance.AttendanceApplication - Started AttendanceApplication in 4.668 seconds (JVM running for 5.751)
2022-09-10 15:06:51.398 [SpringApplicationShutdownHook] INFO  com.alibaba.druid.pool.DruidDataSource - {dataSource-1} closing ...
2022-09-10 15:06:51.400 [SpringApplicationShutdownHook] INFO  com.alibaba.druid.pool.DruidDataSource - {dataSource-1} closed
2022-09-10 15:07:05.649 [main] INFO  com.attendance.AttendanceApplicationTests - Starting AttendanceApplicationTests using Java 1.8.0_201 on DESKTOP-GI6AVI7 with PID 1196 (started by lihong in D:\java\java_practice\attendance)
2022-09-10 15:07:05.659 [main] INFO  com.attendance.AttendanceApplicationTests - No active profile set, falling back to 1 default profile: "default"
2022-09-10 15:07:08.134 [main] INFO  c.a.d.s.b.a.DruidDataSourceAutoConfigure - Init DruidDataSource
2022-09-10 15:07:08.521 [main] INFO  com.alibaba.druid.pool.DruidDataSource - {dataSource-1} inited
2022-09-10 15:07:13.726 [main] INFO  com.attendance.AttendanceApplicationTests - Started AttendanceApplicationTests in 8.555 seconds (JVM running for 9.846)
2022-09-10 15:07:14.402 [SpringApplicationShutdownHook] INFO  com.alibaba.druid.pool.DruidDataSource - {dataSource-1} closing ...
2022-09-10 15:07:14.404 [SpringApplicationShutdownHook] INFO  com.alibaba.druid.pool.DruidDataSource - {dataSource-1} closed
2022-09-10 15:44:00.402 [main] INFO  com.attendance.AttendanceApplicationTests - Starting AttendanceApplicationTests using Java 1.8.0_201 on DESKTOP-GI6AVI7 with PID 14636 (started by lihong in D:\java\java_practice\attendance)
2022-09-10 15:44:00.404 [main] INFO  com.attendance.AttendanceApplicationTests - No active profile set, falling back to 1 default profile: "default"
2022-09-10 15:44:02.262 [main] INFO  c.a.d.s.b.a.DruidDataSourceAutoConfigure - Init DruidDataSource
2022-09-10 15:44:02.575 [main] INFO  com.alibaba.druid.pool.DruidDataSource - {dataSource-1} inited
2022-09-10 15:44:09.708 [main] INFO  com.attendance.AttendanceApplicationTests - Started AttendanceApplicationTests in 9.718 seconds (JVM running for 10.684)
2022-09-10 15:44:10.142 [SpringApplicationShutdownHook] INFO  com.alibaba.druid.pool.DruidDataSource - {dataSource-1} closing ...
2022-09-10 15:44:10.148 [SpringApplicationShutdownHook] INFO  com.alibaba.druid.pool.DruidDataSource - {dataSource-1} closed
2022-09-10 16:10:56.919 [restartedMain] INFO  com.attendance.AttendanceApplication - Starting AttendanceApplication using Java 1.8.0_201 on DESKTOP-GI6AVI7 with PID 10004 (D:\java\java_practice\attendance\target\classes started by lihong in D:\java\java_practice\attendance)
2022-09-10 16:10:56.920 [restartedMain] INFO  com.attendance.AttendanceApplication - No active profile set, falling back to 1 default profile: "default"
2022-09-10 16:10:58.850 [restartedMain] INFO  org.apache.coyote.http11.Http11NioProtocol - Initializing ProtocolHandler ["http-nio-8082"]
2022-09-10 16:10:58.851 [restartedMain] INFO  org.apache.catalina.core.StandardService - Starting service [Tomcat]
2022-09-10 16:10:58.851 [restartedMain] INFO  org.apache.catalina.core.StandardEngine - Starting Servlet engine: [Apache Tomcat/9.0.65]
2022-09-10 16:10:58.936 [restartedMain] INFO  o.a.c.core.ContainerBase.[Tomcat].[localhost].[/] - Initializing Spring embedded WebApplicationContext
2022-09-10 16:10:59.355 [restartedMain] INFO  c.a.d.s.b.a.DruidDataSourceAutoConfigure - Init DruidDataSource
2022-09-10 16:10:59.448 [restartedMain] INFO  com.alibaba.druid.pool.DruidDataSource - {dataSource-1} inited
2022-09-10 16:11:00.813 [restartedMain] INFO  org.apache.coyote.http11.Http11NioProtocol - Starting ProtocolHandler ["http-nio-8082"]
2022-09-10 16:11:00.838 [restartedMain] INFO  com.attendance.AttendanceApplication - Started AttendanceApplication in 4.83 seconds (JVM running for 6.189)
2022-09-10 16:11:46.201 [restartedMain] INFO  com.attendance.AttendanceApplication - Starting AttendanceApplication using Java 1.8.0_201 on DESKTOP-GI6AVI7 with PID 20388 (D:\java\java_practice\attendance\target\classes started by lihong in D:\java\java_practice\attendance)
2022-09-10 16:11:46.202 [restartedMain] INFO  com.attendance.AttendanceApplication - No active profile set, falling back to 1 default profile: "default"
2022-09-10 16:11:47.481 [restartedMain] INFO  org.apache.coyote.http11.Http11NioProtocol - Initializing ProtocolHandler ["http-nio-8082"]
2022-09-10 16:11:47.482 [restartedMain] INFO  org.apache.catalina.core.StandardService - Starting service [Tomcat]
2022-09-10 16:11:47.482 [restartedMain] INFO  org.apache.catalina.core.StandardEngine - Starting Servlet engine: [Apache Tomcat/9.0.65]
2022-09-10 16:11:47.564 [restartedMain] INFO  o.a.c.core.ContainerBase.[Tomcat].[localhost].[/] - Initializing Spring embedded WebApplicationContext
2022-09-10 16:11:47.917 [restartedMain] INFO  c.a.d.s.b.a.DruidDataSourceAutoConfigure - Init DruidDataSource
2022-09-10 16:11:47.980 [restartedMain] INFO  com.alibaba.druid.pool.DruidDataSource - {dataSource-1} inited
2022-09-10 16:11:49.001 [restartedMain] INFO  org.apache.coyote.http11.Http11NioProtocol - Starting ProtocolHandler ["http-nio-8082"]
2022-09-10 16:11:49.024 [restartedMain] INFO  com.attendance.AttendanceApplication - Started AttendanceApplication in 3.168 seconds (JVM running for 4.003)
2022-09-10 16:12:03.634 [SpringApplicationShutdownHook] INFO  com.alibaba.druid.pool.DruidDataSource - {dataSource-1} closing ...
2022-09-10 16:12:03.635 [SpringApplicationShutdownHook] INFO  com.alibaba.druid.pool.DruidDataSource - {dataSource-1} closed
2022-09-10 16:12:06.221 [restartedMain] INFO  com.attendance.AttendanceApplication - Starting AttendanceApplication using Java 1.8.0_201 on DESKTOP-GI6AVI7 with PID 17564 (D:\java\java_practice\attendance\target\classes started by lihong in D:\java\java_practice\attendance)
2022-09-10 16:12:06.222 [restartedMain] INFO  com.attendance.AttendanceApplication - No active profile set, falling back to 1 default profile: "default"
2022-09-10 16:12:07.593 [restartedMain] INFO  org.apache.coyote.http11.Http11NioProtocol - Initializing ProtocolHandler ["http-nio-8082"]
2022-09-10 16:12:07.593 [restartedMain] INFO  org.apache.catalina.core.StandardService - Starting service [Tomcat]
2022-09-10 16:12:07.593 [restartedMain] INFO  org.apache.catalina.core.StandardEngine - Starting Servlet engine: [Apache Tomcat/9.0.65]
2022-09-10 16:12:07.666 [restartedMain] INFO  o.a.c.core.ContainerBase.[Tomcat].[localhost].[/] - Initializing Spring embedded WebApplicationContext
2022-09-10 16:12:08.027 [restartedMain] INFO  c.a.d.s.b.a.DruidDataSourceAutoConfigure - Init DruidDataSource
2022-09-10 16:12:08.089 [restartedMain] INFO  com.alibaba.druid.pool.DruidDataSource - {dataSource-1} inited
2022-09-10 16:12:09.047 [restartedMain] INFO  org.apache.coyote.http11.Http11NioProtocol - Starting ProtocolHandler ["http-nio-8082"]
2022-09-10 16:12:09.070 [restartedMain] INFO  com.attendance.AttendanceApplication - Started AttendanceApplication in 3.196 seconds (JVM running for 4.067)
2022-09-10 16:12:16.526 [http-nio-8082-exec-1] INFO  o.a.c.core.ContainerBase.[Tomcat].[localhost].[/] - Initializing Spring DispatcherServlet 'dispatcherServlet'
2022-09-10 16:12:42.281 [SpringApplicationShutdownHook] INFO  com.alibaba.druid.pool.DruidDataSource - {dataSource-1} closing ...
2022-09-10 16:12:42.282 [SpringApplicationShutdownHook] INFO  com.alibaba.druid.pool.DruidDataSource - {dataSource-1} closed
2022-09-10 16:12:44.839 [restartedMain] INFO  com.attendance.AttendanceApplication - Starting AttendanceApplication using Java 1.8.0_201 on DESKTOP-GI6AVI7 with PID 15040 (D:\java\java_practice\attendance\target\classes started by lihong in D:\java\java_practice\attendance)
2022-09-10 16:12:44.840 [restartedMain] INFO  com.attendance.AttendanceApplication - No active profile set, falling back to 1 default profile: "default"
2022-09-10 16:12:46.206 [restartedMain] INFO  org.apache.coyote.http11.Http11NioProtocol - Initializing ProtocolHandler ["http-nio-8082"]
2022-09-10 16:12:46.206 [restartedMain] INFO  org.apache.catalina.core.StandardService - Starting service [Tomcat]
2022-09-10 16:12:46.206 [restartedMain] INFO  org.apache.catalina.core.StandardEngine - Starting Servlet engine: [Apache Tomcat/9.0.65]
2022-09-10 16:12:46.317 [restartedMain] INFO  o.a.c.core.ContainerBase.[Tomcat].[localhost].[/] - Initializing Spring embedded WebApplicationContext
2022-09-10 16:12:46.687 [restartedMain] INFO  c.a.d.s.b.a.DruidDataSourceAutoConfigure - Init DruidDataSource
2022-09-10 16:12:46.751 [restartedMain] INFO  com.alibaba.druid.pool.DruidDataSource - {dataSource-1} inited
2022-09-10 16:12:47.686 [restartedMain] INFO  org.apache.coyote.http11.Http11NioProtocol - Starting ProtocolHandler ["http-nio-8082"]
2022-09-10 16:12:47.709 [restartedMain] INFO  com.attendance.AttendanceApplication - Started AttendanceApplication in 3.262 seconds (JVM running for 3.93)
2022-09-10 16:13:00.210 [http-nio-8082-exec-1] INFO  o.a.c.core.ContainerBase.[Tomcat].[localhost].[/] - Initializing Spring DispatcherServlet 'dispatcherServlet'
2022-09-10 16:15:16.525 [SpringApplicationShutdownHook] INFO  com.alibaba.druid.pool.DruidDataSource - {dataSource-1} closing ...
2022-09-10 16:15:16.527 [SpringApplicationShutdownHook] INFO  com.alibaba.druid.pool.DruidDataSource - {dataSource-1} closed
2022-09-10 17:23:17.344 [restartedMain] INFO  com.attendance.AttendanceApplication - Starting AttendanceApplication using Java 1.8.0_201 on DESKTOP-GI6AVI7 with PID 10692 (D:\java\java_practice\attendance\target\classes started by lihong in D:\java\java_practice\attendance)
2022-09-10 17:23:17.354 [restartedMain] INFO  com.attendance.AttendanceApplication - No active profile set, falling back to 1 default profile: "default"
2022-09-10 17:23:19.360 [restartedMain] INFO  org.apache.coyote.http11.Http11NioProtocol - Initializing ProtocolHandler ["http-nio-8082"]
2022-09-10 17:23:19.361 [restartedMain] INFO  org.apache.catalina.core.StandardService - Starting service [Tomcat]
2022-09-10 17:23:19.361 [restartedMain] INFO  org.apache.catalina.core.StandardEngine - Starting Servlet engine: [Apache Tomcat/9.0.65]
2022-09-10 17:23:19.459 [restartedMain] INFO  o.a.c.core.ContainerBase.[Tomcat].[localhost].[/] - Initializing Spring embedded WebApplicationContext
2022-09-10 17:23:19.945 [restartedMain] INFO  c.a.d.s.b.a.DruidDataSourceAutoConfigure - Init DruidDataSource
2022-09-10 17:23:20.055 [restartedMain] INFO  com.alibaba.druid.pool.DruidDataSource - {dataSource-1} inited
2022-09-10 17:23:21.347 [restartedMain] INFO  org.apache.coyote.http11.Http11NioProtocol - Starting ProtocolHandler ["http-nio-8082"]
2022-09-10 17:23:21.416 [restartedMain] INFO  com.attendance.AttendanceApplication - Started AttendanceApplication in 4.554 seconds (JVM running for 5.381)
2022-09-10 17:23:29.601 [http-nio-8082-exec-1] INFO  o.a.c.core.ContainerBase.[Tomcat].[localhost].[/] - Initializing Spring DispatcherServlet 'dispatcherServlet'
2022-09-10 17:33:48.696 [restartedMain] INFO  com.attendance.AttendanceApplication - Starting AttendanceApplication using Java 1.8.0_201 on DESKTOP-GI6AVI7 with PID 13564 (D:\java\java_practice\attendance\target\classes started by lihong in D:\java\java_practice\attendance)
2022-09-10 17:33:48.699 [restartedMain] INFO  com.attendance.AttendanceApplication - No active profile set, falling back to 1 default profile: "default"
2022-09-10 17:33:49.918 [restartedMain] INFO  org.apache.coyote.http11.Http11NioProtocol - Initializing ProtocolHandler ["http-nio-8082"]
2022-09-10 17:33:49.919 [restartedMain] INFO  org.apache.catalina.core.StandardService - Starting service [Tomcat]
2022-09-10 17:33:49.919 [restartedMain] INFO  org.apache.catalina.core.StandardEngine - Starting Servlet engine: [Apache Tomcat/9.0.65]
2022-09-10 17:33:49.997 [restartedMain] INFO  o.a.c.core.ContainerBase.[Tomcat].[localhost].[/] - Initializing Spring embedded WebApplicationContext
2022-09-10 17:33:50.389 [restartedMain] INFO  c.a.d.s.b.a.DruidDataSourceAutoConfigure - Init DruidDataSource
2022-09-10 17:33:50.461 [restartedMain] INFO  com.alibaba.druid.pool.DruidDataSource - {dataSource-1} inited
2022-09-10 17:33:51.417 [restartedMain] INFO  org.apache.coyote.http11.Http11NioProtocol - Starting ProtocolHandler ["http-nio-8082"]
2022-09-10 17:33:51.441 [restartedMain] INFO  com.attendance.AttendanceApplication - Started AttendanceApplication in 3.182 seconds (JVM running for 3.882)
2022-09-10 17:33:52.806 [http-nio-8082-exec-1] INFO  o.a.c.core.ContainerBase.[Tomcat].[localhost].[/] - Initializing Spring DispatcherServlet 'dispatcherServlet'
2022-09-10 18:21:06.899 [restartedMain] INFO  com.attendance.AttendanceApplication - Starting AttendanceApplication using Java 1.8.0_201 on DESKTOP-GI6AVI7 with PID 6420 (D:\java\java_practice\attendance\target\classes started by lihong in D:\java\java_practice\attendance)
2022-09-10 18:21:06.900 [restartedMain] INFO  com.attendance.AttendanceApplication - No active profile set, falling back to 1 default profile: "default"
2022-09-10 18:21:08.338 [restartedMain] INFO  org.apache.coyote.http11.Http11NioProtocol - Initializing ProtocolHandler ["http-nio-8082"]
2022-09-10 18:21:08.338 [restartedMain] INFO  org.apache.catalina.core.StandardService - Starting service [Tomcat]
2022-09-10 18:21:08.338 [restartedMain] INFO  org.apache.catalina.core.StandardEngine - Starting Servlet engine: [Apache Tomcat/9.0.65]
2022-09-10 18:21:08.428 [restartedMain] INFO  o.a.c.core.ContainerBase.[Tomcat].[localhost].[/] - Initializing Spring embedded WebApplicationContext
2022-09-10 18:21:08.819 [restartedMain] INFO  c.a.d.s.b.a.DruidDataSourceAutoConfigure - Init DruidDataSource
2022-09-10 18:21:08.890 [restartedMain] INFO  com.alibaba.druid.pool.DruidDataSource - {dataSource-1} inited
2022-09-10 18:21:09.875 [restartedMain] INFO  org.apache.coyote.http11.Http11NioProtocol - Starting ProtocolHandler ["http-nio-8082"]
2022-09-10 18:21:09.899 [restartedMain] INFO  com.attendance.AttendanceApplication - Started AttendanceApplication in 3.398 seconds (JVM running for 4.321)
2022-09-10 18:22:28.651 [http-nio-8082-exec-1] INFO  o.a.c.core.ContainerBase.[Tomcat].[localhost].[/] - Initializing Spring DispatcherServlet 'dispatcherServlet'
2022-09-10 18:31:46.924 [restartedMain] INFO  com.attendance.AttendanceApplication - Starting AttendanceApplication using Java 1.8.0_201 on DESKTOP-GI6AVI7 with PID 18540 (D:\java\java_practice\attendance\target\classes started by lihong in D:\java\java_practice\attendance)
2022-09-10 18:31:46.926 [restartedMain] INFO  com.attendance.AttendanceApplication - No active profile set, falling back to 1 default profile: "default"
2022-09-10 18:31:48.540 [restartedMain] INFO  org.apache.coyote.http11.Http11NioProtocol - Initializing ProtocolHandler ["http-nio-8082"]
2022-09-10 18:31:48.546 [restartedMain] INFO  org.apache.catalina.core.StandardService - Starting service [Tomcat]
2022-09-10 18:31:48.546 [restartedMain] INFO  org.apache.catalina.core.StandardEngine - Starting Servlet engine: [Apache Tomcat/9.0.65]
2022-09-10 18:31:48.636 [restartedMain] INFO  o.a.c.core.ContainerBase.[Tomcat].[localhost].[/] - Initializing Spring embedded WebApplicationContext
2022-09-10 18:31:48.985 [restartedMain] INFO  c.a.d.s.b.a.DruidDataSourceAutoConfigure - Init DruidDataSource
2022-09-10 18:31:49.054 [restartedMain] INFO  com.alibaba.druid.pool.DruidDataSource - {dataSource-1} inited
2022-09-10 18:31:50.042 [restartedMain] INFO  org.apache.coyote.http11.Http11NioProtocol - Starting ProtocolHandler ["http-nio-8082"]
2022-09-10 18:31:50.065 [restartedMain] INFO  com.attendance.AttendanceApplication - Started AttendanceApplication in 3.609 seconds (JVM running for 4.321)
2022-09-10 18:32:29.773 [http-nio-8082-exec-1] INFO  o.a.c.core.ContainerBase.[Tomcat].[localhost].[/] - Initializing Spring DispatcherServlet 'dispatcherServlet'
