2022-09-09 01:00:00.544 [scheduling-1] INFO  com.attendance.system.impl.TokenServiceImpl - 获取DingTalkToken,redis成功
2022-09-09 01:00:10.687 [scheduling-1] INFO  com.attendance.system.impl.ScheduledTask - 数据获取完毕
2022-09-09 01:00:11.041 [scheduling-1] INFO  com.attendance.system.impl.ScheduledTask - 数据获取完毕
2022-09-09 01:00:11.041 [scheduling-1] INFO  com.attendance.system.impl.ScheduledTask - 考勤数据持久化成功
2022-09-09 13:01:59.103 [SpringApplicationShutdownHook] INFO  com.zaxxer.hikari.HikariDataSource - HikariPool-1 - Shutdown initiated...
2022-09-09 13:01:59.110 [SpringApplicationShutdownHook] INFO  com.zaxxer.hikari.HikariDataSource - HikariPool-1 - Shutdown completed.
2022-09-09 13:02:10.423 [restartedMain] INFO  com.attendance.AttendanceApplication - Starting AttendanceApplication using Java 1.8.0_201 on DESKTOP-GI6AVI7 with PID 1184 (D:\java\java_practice\attendance\target\classes started by lihong in D:\java\java_practice\attendance)
2022-09-09 13:02:10.424 [restartedMain] INFO  com.attendance.AttendanceApplication - No active profile set, falling back to 1 default profile: "default"
2022-09-09 13:02:12.316 [restartedMain] INFO  org.apache.coyote.http11.Http11NioProtocol - Initializing ProtocolHandler ["http-nio-8082"]
2022-09-09 13:02:12.317 [restartedMain] INFO  org.apache.catalina.core.StandardService - Starting service [Tomcat]
2022-09-09 13:02:12.317 [restartedMain] INFO  org.apache.catalina.core.StandardEngine - Starting Servlet engine: [Apache Tomcat/9.0.65]
2022-09-09 13:02:12.389 [restartedMain] INFO  o.a.c.core.ContainerBase.[Tomcat].[localhost].[/] - Initializing Spring embedded WebApplicationContext
2022-09-09 13:02:13.718 [restartedMain] INFO  org.apache.coyote.http11.Http11NioProtocol - Starting ProtocolHandler ["http-nio-8082"]
2022-09-09 13:02:13.747 [restartedMain] INFO  com.attendance.AttendanceApplication - Started AttendanceApplication in 3.685 seconds (JVM running for 4.83)
2022-09-09 13:02:34.288 [http-nio-8082-exec-2] INFO  o.a.c.core.ContainerBase.[Tomcat].[localhost].[/] - Initializing Spring DispatcherServlet 'dispatcherServlet'
2022-09-09 13:02:34.460 [http-nio-8082-exec-2] INFO  com.zaxxer.hikari.HikariDataSource - HikariPool-1 - Starting...
2022-09-09 13:02:34.894 [http-nio-8082-exec-2] INFO  com.zaxxer.hikari.HikariDataSource - HikariPool-1 - Start completed.
2022-09-09 13:05:36.033 [SpringApplicationShutdownHook] INFO  com.zaxxer.hikari.HikariDataSource - HikariPool-1 - Shutdown initiated...
2022-09-09 13:05:36.040 [SpringApplicationShutdownHook] INFO  com.zaxxer.hikari.HikariDataSource - HikariPool-1 - Shutdown completed.
2022-09-09 13:05:40.053 [restartedMain] INFO  com.attendance.AttendanceApplication - Starting AttendanceApplication using Java 1.8.0_201 on DESKTOP-GI6AVI7 with PID 20596 (D:\java\java_practice\attendance\target\classes started by lihong in D:\java\java_practice\attendance)
2022-09-09 13:05:40.054 [restartedMain] INFO  com.attendance.AttendanceApplication - No active profile set, falling back to 1 default profile: "default"
2022-09-09 13:05:41.083 [restartedMain] INFO  org.apache.coyote.http11.Http11NioProtocol - Initializing ProtocolHandler ["http-nio-8082"]
2022-09-09 13:05:41.084 [restartedMain] INFO  org.apache.catalina.core.StandardService - Starting service [Tomcat]
2022-09-09 13:05:41.084 [restartedMain] INFO  org.apache.catalina.core.StandardEngine - Starting Servlet engine: [Apache Tomcat/9.0.65]
2022-09-09 13:05:41.149 [restartedMain] INFO  o.a.c.core.ContainerBase.[Tomcat].[localhost].[/] - Initializing Spring embedded WebApplicationContext
2022-09-09 13:05:42.178 [restartedMain] INFO  org.apache.coyote.http11.Http11NioProtocol - Starting ProtocolHandler ["http-nio-8082"]
2022-09-09 13:05:42.201 [restartedMain] INFO  com.attendance.AttendanceApplication - Started AttendanceApplication in 2.473 seconds (JVM running for 3.084)
2022-09-09 13:05:46.569 [http-nio-8082-exec-4] INFO  o.a.c.core.ContainerBase.[Tomcat].[localhost].[/] - Initializing Spring DispatcherServlet 'dispatcherServlet'
2022-09-09 13:05:47.037 [http-nio-8082-exec-4] INFO  com.zaxxer.hikari.HikariDataSource - HikariPool-1 - Starting...
2022-09-09 13:05:47.184 [http-nio-8082-exec-4] INFO  com.zaxxer.hikari.HikariDataSource - HikariPool-1 - Start completed.
2022-09-09 13:06:48.464 [SpringApplicationShutdownHook] INFO  com.zaxxer.hikari.HikariDataSource - HikariPool-1 - Shutdown initiated...
2022-09-09 13:06:48.471 [SpringApplicationShutdownHook] INFO  com.zaxxer.hikari.HikariDataSource - HikariPool-1 - Shutdown completed.
2022-09-09 13:06:52.396 [restartedMain] INFO  com.attendance.AttendanceApplication - Starting AttendanceApplication using Java 1.8.0_201 on DESKTOP-GI6AVI7 with PID 16780 (D:\java\java_practice\attendance\target\classes started by lihong in D:\java\java_practice\attendance)
2022-09-09 13:06:52.398 [restartedMain] INFO  com.attendance.AttendanceApplication - No active profile set, falling back to 1 default profile: "default"
2022-09-09 13:06:53.537 [restartedMain] INFO  org.apache.coyote.http11.Http11NioProtocol - Initializing ProtocolHandler ["http-nio-8082"]
2022-09-09 13:06:53.538 [restartedMain] INFO  org.apache.catalina.core.StandardService - Starting service [Tomcat]
2022-09-09 13:06:53.538 [restartedMain] INFO  org.apache.catalina.core.StandardEngine - Starting Servlet engine: [Apache Tomcat/9.0.65]
2022-09-09 13:06:53.608 [restartedMain] INFO  o.a.c.core.ContainerBase.[Tomcat].[localhost].[/] - Initializing Spring embedded WebApplicationContext
2022-09-09 13:06:54.937 [restartedMain] INFO  org.apache.coyote.http11.Http11NioProtocol - Starting ProtocolHandler ["http-nio-8082"]
2022-09-09 13:06:54.970 [restartedMain] INFO  com.attendance.AttendanceApplication - Started AttendanceApplication in 2.964 seconds (JVM running for 3.808)
2022-09-09 13:07:09.681 [http-nio-8082-exec-1] INFO  o.a.c.core.ContainerBase.[Tomcat].[localhost].[/] - Initializing Spring DispatcherServlet 'dispatcherServlet'
2022-09-09 13:07:10.467 [http-nio-8082-exec-1] INFO  com.zaxxer.hikari.HikariDataSource - HikariPool-1 - Starting...
2022-09-09 13:07:10.728 [http-nio-8082-exec-1] INFO  com.zaxxer.hikari.HikariDataSource - HikariPool-1 - Start completed.
2022-09-09 16:39:03.173 [restartedMain] INFO  com.attendance.AttendanceApplication - Starting AttendanceApplication using Java 1.8.0_201 on DESKTOP-GI6AVI7 with PID 6984 (D:\java\java_practice\attendance\target\classes started by lihong in D:\java\java_practice\attendance)
2022-09-09 16:39:03.202 [restartedMain] INFO  com.attendance.AttendanceApplication - No active profile set, falling back to 1 default profile: "default"
2022-09-09 16:39:04.970 [restartedMain] INFO  org.apache.coyote.http11.Http11NioProtocol - Initializing ProtocolHandler ["http-nio-8082"]
2022-09-09 16:39:04.971 [restartedMain] INFO  org.apache.catalina.core.StandardService - Starting service [Tomcat]
2022-09-09 16:39:04.971 [restartedMain] INFO  org.apache.catalina.core.StandardEngine - Starting Servlet engine: [Apache Tomcat/9.0.65]
2022-09-09 16:39:05.040 [restartedMain] INFO  o.a.c.core.ContainerBase.[Tomcat].[localhost].[/] - Initializing Spring embedded WebApplicationContext
2022-09-09 16:39:06.306 [restartedMain] INFO  org.apache.coyote.http11.Http11NioProtocol - Starting ProtocolHandler ["http-nio-8082"]
2022-09-09 16:39:06.330 [restartedMain] INFO  com.attendance.AttendanceApplication - Started AttendanceApplication in 3.562 seconds (JVM running for 4.456)
2022-09-09 16:39:06.826 [http-nio-8082-exec-1] INFO  o.a.c.core.ContainerBase.[Tomcat].[localhost].[/] - Initializing Spring DispatcherServlet 'dispatcherServlet'
2022-09-09 16:39:07.046 [http-nio-8082-exec-4] INFO  com.zaxxer.hikari.HikariDataSource - HikariPool-1 - Starting...
2022-09-09 16:39:07.256 [http-nio-8082-exec-4] INFO  com.zaxxer.hikari.HikariDataSource - HikariPool-1 - Start completed.
2022-09-09 17:01:07.843 [restartedMain] INFO  com.attendance.AttendanceApplication - Starting AttendanceApplication using Java 1.8.0_201 on DESKTOP-GI6AVI7 with PID 20256 (D:\java\java_practice\attendance\target\classes started by lihong in D:\java\java_practice\attendance)
2022-09-09 17:01:07.844 [restartedMain] INFO  com.attendance.AttendanceApplication - No active profile set, falling back to 1 default profile: "default"
2022-09-09 17:01:09.230 [restartedMain] INFO  org.apache.coyote.http11.Http11NioProtocol - Initializing ProtocolHandler ["http-nio-8082"]
2022-09-09 17:01:09.231 [restartedMain] INFO  org.apache.catalina.core.StandardService - Starting service [Tomcat]
2022-09-09 17:01:09.231 [restartedMain] INFO  org.apache.catalina.core.StandardEngine - Starting Servlet engine: [Apache Tomcat/9.0.65]
2022-09-09 17:01:09.321 [restartedMain] INFO  o.a.c.core.ContainerBase.[Tomcat].[localhost].[/] - Initializing Spring embedded WebApplicationContext
2022-09-09 17:01:09.669 [restartedMain] INFO  c.a.d.s.b.a.DruidDataSourceAutoConfigure - Init DruidDataSource
2022-09-09 17:01:09.742 [restartedMain] INFO  com.alibaba.druid.pool.DruidDataSource - {dataSource-1} inited
2022-09-09 17:01:09.860 [restartedMain] INFO  com.alibaba.druid.pool.DruidDataSource - {dataSource-1} closing ...
2022-09-09 17:01:09.860 [restartedMain] INFO  com.alibaba.druid.pool.DruidDataSource - {dataSource-1} closed
2022-09-09 17:01:09.872 [restartedMain] INFO  org.apache.catalina.core.StandardService - Stopping service [Tomcat]
2022-09-09 17:01:55.074 [restartedMain] INFO  com.attendance.AttendanceApplication - Starting AttendanceApplication using Java 1.8.0_201 on DESKTOP-GI6AVI7 with PID 20756 (D:\java\java_practice\attendance\target\classes started by lihong in D:\java\java_practice\attendance)
2022-09-09 17:01:55.075 [restartedMain] INFO  com.attendance.AttendanceApplication - No active profile set, falling back to 1 default profile: "default"
2022-09-09 17:01:56.301 [restartedMain] INFO  org.apache.coyote.http11.Http11NioProtocol - Initializing ProtocolHandler ["http-nio-8082"]
2022-09-09 17:01:56.301 [restartedMain] INFO  org.apache.catalina.core.StandardService - Starting service [Tomcat]
2022-09-09 17:01:56.301 [restartedMain] INFO  org.apache.catalina.core.StandardEngine - Starting Servlet engine: [Apache Tomcat/9.0.65]
2022-09-09 17:01:56.384 [restartedMain] INFO  o.a.c.core.ContainerBase.[Tomcat].[localhost].[/] - Initializing Spring embedded WebApplicationContext
2022-09-09 17:01:56.740 [restartedMain] INFO  c.a.d.s.b.a.DruidDataSourceAutoConfigure - Init DruidDataSource
2022-09-09 17:01:56.807 [restartedMain] INFO  com.alibaba.druid.pool.DruidDataSource - {dataSource-1} inited
2022-09-09 17:01:56.931 [restartedMain] INFO  com.alibaba.druid.pool.DruidDataSource - {dataSource-1} closing ...
2022-09-09 17:01:56.932 [restartedMain] INFO  com.alibaba.druid.pool.DruidDataSource - {dataSource-1} closed
2022-09-09 17:01:56.944 [restartedMain] INFO  org.apache.catalina.core.StandardService - Stopping service [Tomcat]
2022-09-09 17:03:19.859 [restartedMain] INFO  com.attendance.AttendanceApplication - Starting AttendanceApplication using Java 1.8.0_201 on DESKTOP-GI6AVI7 with PID 16252 (D:\java\java_practice\attendance\target\classes started by lihong in D:\java\java_practice\attendance)
2022-09-09 17:03:19.860 [restartedMain] INFO  com.attendance.AttendanceApplication - No active profile set, falling back to 1 default profile: "default"
2022-09-09 17:03:21.140 [restartedMain] INFO  org.apache.coyote.http11.Http11NioProtocol - Initializing ProtocolHandler ["http-nio-8082"]
2022-09-09 17:03:21.141 [restartedMain] INFO  org.apache.catalina.core.StandardService - Starting service [Tomcat]
2022-09-09 17:03:21.141 [restartedMain] INFO  org.apache.catalina.core.StandardEngine - Starting Servlet engine: [Apache Tomcat/9.0.65]
2022-09-09 17:03:21.228 [restartedMain] INFO  o.a.c.core.ContainerBase.[Tomcat].[localhost].[/] - Initializing Spring embedded WebApplicationContext
2022-09-09 17:03:21.575 [restartedMain] INFO  c.a.d.s.b.a.DruidDataSourceAutoConfigure - Init DruidDataSource
2022-09-09 17:03:21.637 [restartedMain] INFO  com.alibaba.druid.pool.DruidDataSource - {dataSource-1} inited
2022-09-09 17:03:21.764 [restartedMain] INFO  com.alibaba.druid.pool.DruidDataSource - {dataSource-1} closing ...
2022-09-09 17:03:21.765 [restartedMain] INFO  com.alibaba.druid.pool.DruidDataSource - {dataSource-1} closed
2022-09-09 17:03:21.777 [restartedMain] INFO  org.apache.catalina.core.StandardService - Stopping service [Tomcat]
2022-09-09 17:05:10.799 [restartedMain] INFO  com.attendance.AttendanceApplication - Starting AttendanceApplication using Java 1.8.0_201 on DESKTOP-GI6AVI7 with PID 17804 (D:\java\java_practice\attendance\target\classes started by lihong in D:\java\java_practice\attendance)
2022-09-09 17:05:10.800 [restartedMain] INFO  com.attendance.AttendanceApplication - No active profile set, falling back to 1 default profile: "default"
2022-09-09 17:05:11.901 [restartedMain] INFO  org.apache.coyote.http11.Http11NioProtocol - Initializing ProtocolHandler ["http-nio-8082"]
2022-09-09 17:05:11.902 [restartedMain] INFO  org.apache.catalina.core.StandardService - Starting service [Tomcat]
2022-09-09 17:05:11.902 [restartedMain] INFO  org.apache.catalina.core.StandardEngine - Starting Servlet engine: [Apache Tomcat/9.0.65]
2022-09-09 17:05:11.986 [restartedMain] INFO  o.a.c.core.ContainerBase.[Tomcat].[localhost].[/] - Initializing Spring embedded WebApplicationContext
2022-09-09 17:05:12.333 [restartedMain] INFO  c.a.d.s.b.a.DruidDataSourceAutoConfigure - Init DruidDataSource
2022-09-09 17:05:12.394 [restartedMain] INFO  com.alibaba.druid.pool.DruidDataSource - {dataSource-1} inited
2022-09-09 17:05:12.509 [restartedMain] INFO  com.alibaba.druid.pool.DruidDataSource - {dataSource-1} closing ...
2022-09-09 17:05:12.510 [restartedMain] INFO  com.alibaba.druid.pool.DruidDataSource - {dataSource-1} closed
2022-09-09 17:05:12.522 [restartedMain] INFO  org.apache.catalina.core.StandardService - Stopping service [Tomcat]
2022-09-09 17:10:03.467 [restartedMain] INFO  com.attendance.AttendanceApplication - Starting AttendanceApplication using Java 1.8.0_201 on DESKTOP-GI6AVI7 with PID 8792 (D:\java\java_practice\attendance\target\classes started by lihong in D:\java\java_practice\attendance)
2022-09-09 17:10:03.468 [restartedMain] INFO  com.attendance.AttendanceApplication - No active profile set, falling back to 1 default profile: "default"
2022-09-09 17:10:04.875 [restartedMain] INFO  org.apache.coyote.http11.Http11NioProtocol - Initializing ProtocolHandler ["http-nio-8082"]
2022-09-09 17:10:04.876 [restartedMain] INFO  org.apache.catalina.core.StandardService - Starting service [Tomcat]
2022-09-09 17:10:04.876 [restartedMain] INFO  org.apache.catalina.core.StandardEngine - Starting Servlet engine: [Apache Tomcat/9.0.65]
2022-09-09 17:10:04.967 [restartedMain] INFO  o.a.c.core.ContainerBase.[Tomcat].[localhost].[/] - Initializing Spring embedded WebApplicationContext
2022-09-09 17:10:05.318 [restartedMain] INFO  c.a.d.s.b.a.DruidDataSourceAutoConfigure - Init DruidDataSource
2022-09-09 17:10:05.377 [restartedMain] INFO  com.alibaba.druid.pool.DruidDataSource - {dataSource-1} inited
2022-09-09 17:10:05.491 [restartedMain] INFO  com.alibaba.druid.pool.DruidDataSource - {dataSource-1} closing ...
2022-09-09 17:10:05.492 [restartedMain] INFO  com.alibaba.druid.pool.DruidDataSource - {dataSource-1} closed
2022-09-09 17:10:05.504 [restartedMain] INFO  org.apache.catalina.core.StandardService - Stopping service [Tomcat]
2022-09-09 17:11:07.968 [restartedMain] INFO  com.attendance.AttendanceApplication - Starting AttendanceApplication using Java 1.8.0_201 on DESKTOP-GI6AVI7 with PID 16196 (D:\java\java_practice\attendance\target\classes started by lihong in D:\java\java_practice\attendance)
2022-09-09 17:11:07.969 [restartedMain] INFO  com.attendance.AttendanceApplication - No active profile set, falling back to 1 default profile: "default"
2022-09-09 17:11:09.077 [restartedMain] INFO  org.apache.coyote.http11.Http11NioProtocol - Initializing ProtocolHandler ["http-nio-8082"]
2022-09-09 17:11:09.078 [restartedMain] INFO  org.apache.catalina.core.StandardService - Starting service [Tomcat]
2022-09-09 17:11:09.078 [restartedMain] INFO  org.apache.catalina.core.StandardEngine - Starting Servlet engine: [Apache Tomcat/9.0.65]
2022-09-09 17:11:09.161 [restartedMain] INFO  o.a.c.core.ContainerBase.[Tomcat].[localhost].[/] - Initializing Spring embedded WebApplicationContext
2022-09-09 17:11:09.508 [restartedMain] INFO  c.a.d.s.b.a.DruidDataSourceAutoConfigure - Init DruidDataSource
2022-09-09 17:11:09.569 [restartedMain] INFO  com.alibaba.druid.pool.DruidDataSource - {dataSource-1} inited
2022-09-09 17:11:09.708 [restartedMain] INFO  com.alibaba.druid.pool.DruidDataSource - {dataSource-1} closing ...
2022-09-09 17:11:09.708 [restartedMain] INFO  com.alibaba.druid.pool.DruidDataSource - {dataSource-1} closed
2022-09-09 17:11:09.720 [restartedMain] INFO  org.apache.catalina.core.StandardService - Stopping service [Tomcat]
2022-09-09 17:12:44.635 [restartedMain] INFO  com.attendance.AttendanceApplication - Starting AttendanceApplication using Java 1.8.0_201 on DESKTOP-GI6AVI7 with PID 17784 (D:\java\java_practice\attendance\target\classes started by lihong in D:\java\java_practice\attendance)
2022-09-09 17:12:44.636 [restartedMain] INFO  com.attendance.AttendanceApplication - No active profile set, falling back to 1 default profile: "default"
2022-09-09 17:12:45.797 [restartedMain] INFO  org.apache.coyote.http11.Http11NioProtocol - Initializing ProtocolHandler ["http-nio-8082"]
2022-09-09 17:12:45.798 [restartedMain] INFO  org.apache.catalina.core.StandardService - Starting service [Tomcat]
2022-09-09 17:12:45.798 [restartedMain] INFO  org.apache.catalina.core.StandardEngine - Starting Servlet engine: [Apache Tomcat/9.0.65]
2022-09-09 17:12:45.887 [restartedMain] INFO  o.a.c.core.ContainerBase.[Tomcat].[localhost].[/] - Initializing Spring embedded WebApplicationContext
2022-09-09 17:12:46.255 [restartedMain] INFO  c.a.d.s.b.a.DruidDataSourceAutoConfigure - Init DruidDataSource
2022-09-09 17:12:46.323 [restartedMain] INFO  com.alibaba.druid.pool.DruidDataSource - {dataSource-1} inited
2022-09-09 17:12:46.421 [restartedMain] INFO  com.alibaba.druid.pool.DruidDataSource - {dataSource-1} closing ...
2022-09-09 17:12:46.422 [restartedMain] INFO  com.alibaba.druid.pool.DruidDataSource - {dataSource-1} closed
2022-09-09 17:12:46.434 [restartedMain] INFO  org.apache.catalina.core.StandardService - Stopping service [Tomcat]
2022-09-09 17:13:01.671 [restartedMain] INFO  com.attendance.AttendanceApplication - Starting AttendanceApplication using Java 1.8.0_201 on DESKTOP-GI6AVI7 with PID 19920 (D:\java\java_practice\attendance\target\classes started by lihong in D:\java\java_practice\attendance)
2022-09-09 17:13:01.672 [restartedMain] INFO  com.attendance.AttendanceApplication - No active profile set, falling back to 1 default profile: "default"
2022-09-09 17:13:02.775 [restartedMain] INFO  org.apache.coyote.http11.Http11NioProtocol - Initializing ProtocolHandler ["http-nio-8082"]
2022-09-09 17:13:02.775 [restartedMain] INFO  org.apache.catalina.core.StandardService - Starting service [Tomcat]
2022-09-09 17:13:02.776 [restartedMain] INFO  org.apache.catalina.core.StandardEngine - Starting Servlet engine: [Apache Tomcat/9.0.65]
2022-09-09 17:13:02.881 [restartedMain] INFO  o.a.c.core.ContainerBase.[Tomcat].[localhost].[/] - Initializing Spring embedded WebApplicationContext
2022-09-09 17:13:03.425 [restartedMain] INFO  c.a.d.s.b.a.DruidDataSourceAutoConfigure - Init DruidDataSource
2022-09-09 17:13:03.489 [restartedMain] INFO  com.alibaba.druid.pool.DruidDataSource - {dataSource-1} inited
2022-09-09 17:13:03.622 [restartedMain] INFO  com.alibaba.druid.pool.DruidDataSource - {dataSource-1} closing ...
2022-09-09 17:13:03.622 [restartedMain] INFO  com.alibaba.druid.pool.DruidDataSource - {dataSource-1} closed
2022-09-09 17:13:03.634 [restartedMain] INFO  org.apache.catalina.core.StandardService - Stopping service [Tomcat]
2022-09-09 17:13:26.263 [restartedMain] INFO  com.attendance.AttendanceApplication - Starting AttendanceApplication using Java 1.8.0_201 on DESKTOP-GI6AVI7 with PID 15428 (D:\java\java_practice\attendance\target\classes started by lihong in D:\java\java_practice\attendance)
2022-09-09 17:13:26.264 [restartedMain] INFO  com.attendance.AttendanceApplication - No active profile set, falling back to 1 default profile: "default"
2022-09-09 17:13:27.586 [restartedMain] INFO  org.apache.coyote.http11.Http11NioProtocol - Initializing ProtocolHandler ["http-nio-8082"]
2022-09-09 17:13:27.586 [restartedMain] INFO  org.apache.catalina.core.StandardService - Starting service [Tomcat]
2022-09-09 17:13:27.586 [restartedMain] INFO  org.apache.catalina.core.StandardEngine - Starting Servlet engine: [Apache Tomcat/9.0.65]
2022-09-09 17:13:27.667 [restartedMain] INFO  o.a.c.core.ContainerBase.[Tomcat].[localhost].[/] - Initializing Spring embedded WebApplicationContext
2022-09-09 17:13:28.011 [restartedMain] INFO  c.a.d.s.b.a.DruidDataSourceAutoConfigure - Init DruidDataSource
2022-09-09 17:13:28.071 [restartedMain] INFO  com.alibaba.druid.pool.DruidDataSource - {dataSource-1} inited
2022-09-09 17:13:29.159 [restartedMain] INFO  org.apache.coyote.http11.Http11NioProtocol - Starting ProtocolHandler ["http-nio-8082"]
2022-09-09 17:13:29.185 [restartedMain] INFO  com.attendance.AttendanceApplication - Started AttendanceApplication in 3.254 seconds (JVM running for 3.901)
2022-09-09 17:13:29.534 [http-nio-8082-exec-1] INFO  o.a.c.core.ContainerBase.[Tomcat].[localhost].[/] - Initializing Spring DispatcherServlet 'dispatcherServlet'
2022-09-09 17:15:10.118 [SpringApplicationShutdownHook] INFO  com.alibaba.druid.pool.DruidDataSource - {dataSource-1} closing ...
2022-09-09 17:15:10.120 [SpringApplicationShutdownHook] INFO  com.alibaba.druid.pool.DruidDataSource - {dataSource-1} closed
2022-09-09 17:15:50.974 [restartedMain] INFO  com.attendance.AttendanceApplication - Starting AttendanceApplication using Java 1.8.0_201 on DESKTOP-GI6AVI7 with PID 19656 (D:\java\java_practice\attendance\target\classes started by lihong in D:\java\java_practice\attendance)
2022-09-09 17:15:50.975 [restartedMain] INFO  com.attendance.AttendanceApplication - No active profile set, falling back to 1 default profile: "default"
2022-09-09 17:15:52.107 [restartedMain] INFO  org.apache.coyote.http11.Http11NioProtocol - Initializing ProtocolHandler ["http-nio-8082"]
2022-09-09 17:15:52.108 [restartedMain] INFO  org.apache.catalina.core.StandardService - Starting service [Tomcat]
2022-09-09 17:15:52.108 [restartedMain] INFO  org.apache.catalina.core.StandardEngine - Starting Servlet engine: [Apache Tomcat/9.0.65]
2022-09-09 17:15:52.193 [restartedMain] INFO  o.a.c.core.ContainerBase.[Tomcat].[localhost].[/] - Initializing Spring embedded WebApplicationContext
2022-09-09 17:15:52.539 [restartedMain] INFO  c.a.d.s.b.a.DruidDataSourceAutoConfigure - Init DruidDataSource
2022-09-09 17:15:52.602 [restartedMain] INFO  com.alibaba.druid.pool.DruidDataSource - {dataSource-1} inited
2022-09-09 17:15:53.504 [restartedMain] INFO  org.apache.coyote.http11.Http11NioProtocol - Starting ProtocolHandler ["http-nio-8082"]
2022-09-09 17:15:53.527 [restartedMain] INFO  com.attendance.AttendanceApplication - Started AttendanceApplication in 2.938 seconds (JVM running for 3.742)
2022-09-09 17:15:55.486 [http-nio-8082-exec-1] INFO  o.a.c.core.ContainerBase.[Tomcat].[localhost].[/] - Initializing Spring DispatcherServlet 'dispatcherServlet'
2022-09-09 18:36:54.985 [SpringApplicationShutdownHook] INFO  com.alibaba.druid.pool.DruidDataSource - {dataSource-1} closing ...
2022-09-09 18:37:30.173 [restartedMain] INFO  com.attendance.AttendanceApplication - Starting AttendanceApplication using Java 1.8.0_201 on DESKTOP-GI6AVI7 with PID 7000 (D:\java\java_practice\attendance\target\classes started by lihong in D:\java\java_practice\attendance)
2022-09-09 18:37:30.175 [restartedMain] INFO  com.attendance.AttendanceApplication - No active profile set, falling back to 1 default profile: "default"
2022-09-09 18:37:31.534 [restartedMain] INFO  org.apache.coyote.http11.Http11NioProtocol - Initializing ProtocolHandler ["http-nio-8082"]
2022-09-09 18:37:31.534 [restartedMain] INFO  org.apache.catalina.core.StandardService - Starting service [Tomcat]
2022-09-09 18:37:31.534 [restartedMain] INFO  org.apache.catalina.core.StandardEngine - Starting Servlet engine: [Apache Tomcat/9.0.65]
2022-09-09 18:37:31.611 [restartedMain] INFO  o.a.c.core.ContainerBase.[Tomcat].[localhost].[/] - Initializing Spring embedded WebApplicationContext
2022-09-09 18:37:31.945 [restartedMain] INFO  c.a.d.s.b.a.DruidDataSourceAutoConfigure - Init DruidDataSource
2022-09-09 18:37:32.013 [restartedMain] INFO  com.alibaba.druid.pool.DruidDataSource - {dataSource-1} inited
2022-09-09 18:37:32.946 [restartedMain] INFO  org.apache.coyote.http11.Http11NioProtocol - Starting ProtocolHandler ["http-nio-8082"]
2022-09-09 18:37:32.970 [restartedMain] INFO  com.attendance.AttendanceApplication - Started AttendanceApplication in 3.193 seconds (JVM running for 3.963)
2022-09-09 18:37:53.896 [http-nio-8082-exec-1] INFO  o.a.c.core.ContainerBase.[Tomcat].[localhost].[/] - Initializing Spring DispatcherServlet 'dispatcherServlet'
2022-09-09 18:51:14.134 [SpringApplicationShutdownHook] INFO  com.alibaba.druid.pool.DruidDataSource - {dataSource-1} closing ...
2022-09-09 18:51:14.135 [SpringApplicationShutdownHook] INFO  com.alibaba.druid.pool.DruidDataSource - {dataSource-1} closed
2022-09-09 18:51:18.585 [restartedMain] INFO  com.attendance.AttendanceApplication - Starting AttendanceApplication using Java 1.8.0_201 on DESKTOP-GI6AVI7 with PID 20160 (D:\java\java_practice\attendance\target\classes started by lihong in D:\java\java_practice\attendance)
2022-09-09 18:51:18.586 [restartedMain] INFO  com.attendance.AttendanceApplication - No active profile set, falling back to 1 default profile: "default"
2022-09-09 18:51:19.767 [restartedMain] INFO  org.apache.coyote.http11.Http11NioProtocol - Initializing ProtocolHandler ["http-nio-8082"]
2022-09-09 18:51:19.768 [restartedMain] INFO  org.apache.catalina.core.StandardService - Starting service [Tomcat]
2022-09-09 18:51:19.768 [restartedMain] INFO  org.apache.catalina.core.StandardEngine - Starting Servlet engine: [Apache Tomcat/9.0.65]
2022-09-09 18:51:19.852 [restartedMain] INFO  o.a.c.core.ContainerBase.[Tomcat].[localhost].[/] - Initializing Spring embedded WebApplicationContext
2022-09-09 18:51:20.202 [restartedMain] INFO  c.a.d.s.b.a.DruidDataSourceAutoConfigure - Init DruidDataSource
2022-09-09 18:51:20.262 [restartedMain] INFO  com.alibaba.druid.pool.DruidDataSource - {dataSource-1} inited
2022-09-09 18:51:21.214 [restartedMain] INFO  org.apache.coyote.http11.Http11NioProtocol - Starting ProtocolHandler ["http-nio-8082"]
2022-09-09 18:51:21.241 [restartedMain] INFO  com.attendance.AttendanceApplication - Started AttendanceApplication in 3.17 seconds (JVM running for 3.957)
2022-09-09 18:51:31.596 [http-nio-8082-exec-1] INFO  o.a.c.core.ContainerBase.[Tomcat].[localhost].[/] - Initializing Spring DispatcherServlet 'dispatcherServlet'
2022-09-09 18:52:15.533 [SpringApplicationShutdownHook] INFO  com.alibaba.druid.pool.DruidDataSource - {dataSource-1} closing ...
2022-09-09 18:52:15.534 [SpringApplicationShutdownHook] INFO  com.alibaba.druid.pool.DruidDataSource - {dataSource-1} closed
2022-09-09 18:52:21.340 [restartedMain] INFO  com.attendance.AttendanceApplication - Starting AttendanceApplication using Java 1.8.0_201 on DESKTOP-GI6AVI7 with PID 12208 (D:\java\java_practice\attendance\target\classes started by lihong in D:\java\java_practice\attendance)
2022-09-09 18:52:21.341 [restartedMain] INFO  com.attendance.AttendanceApplication - No active profile set, falling back to 1 default profile: "default"
2022-09-09 18:52:22.396 [restartedMain] INFO  org.apache.coyote.http11.Http11NioProtocol - Initializing ProtocolHandler ["http-nio-8082"]
2022-09-09 18:52:22.397 [restartedMain] INFO  org.apache.catalina.core.StandardService - Starting service [Tomcat]
2022-09-09 18:52:22.397 [restartedMain] INFO  org.apache.catalina.core.StandardEngine - Starting Servlet engine: [Apache Tomcat/9.0.65]
2022-09-09 18:52:22.478 [restartedMain] INFO  o.a.c.core.ContainerBase.[Tomcat].[localhost].[/] - Initializing Spring embedded WebApplicationContext
2022-09-09 18:52:22.817 [restartedMain] INFO  c.a.d.s.b.a.DruidDataSourceAutoConfigure - Init DruidDataSource
2022-09-09 18:52:22.875 [restartedMain] INFO  com.alibaba.druid.pool.DruidDataSource - {dataSource-1} inited
2022-09-09 18:52:23.810 [restartedMain] INFO  org.apache.coyote.http11.Http11NioProtocol - Starting ProtocolHandler ["http-nio-8082"]
2022-09-09 18:52:23.833 [restartedMain] INFO  com.attendance.AttendanceApplication - Started AttendanceApplication in 2.914 seconds (JVM running for 3.701)
2022-09-09 18:52:52.509 [SpringApplicationShutdownHook] INFO  com.alibaba.druid.pool.DruidDataSource - {dataSource-1} closing ...
2022-09-09 18:52:52.509 [SpringApplicationShutdownHook] INFO  com.alibaba.druid.pool.DruidDataSource - {dataSource-1} closed
2022-09-09 18:52:56.601 [restartedMain] INFO  com.attendance.AttendanceApplication - Starting AttendanceApplication using Java 1.8.0_201 on DESKTOP-GI6AVI7 with PID 15128 (D:\java\java_practice\attendance\target\classes started by lihong in D:\java\java_practice\attendance)
2022-09-09 18:52:56.602 [restartedMain] INFO  com.attendance.AttendanceApplication - No active profile set, falling back to 1 default profile: "default"
2022-09-09 18:52:57.913 [restartedMain] INFO  org.apache.coyote.http11.Http11NioProtocol - Initializing ProtocolHandler ["http-nio-8082"]
2022-09-09 18:52:57.913 [restartedMain] INFO  org.apache.catalina.core.StandardService - Starting service [Tomcat]
2022-09-09 18:52:57.914 [restartedMain] INFO  org.apache.catalina.core.StandardEngine - Starting Servlet engine: [Apache Tomcat/9.0.65]
2022-09-09 18:52:58.001 [restartedMain] INFO  o.a.c.core.ContainerBase.[Tomcat].[localhost].[/] - Initializing Spring embedded WebApplicationContext
2022-09-09 18:52:58.376 [restartedMain] INFO  c.a.d.s.b.a.DruidDataSourceAutoConfigure - Init DruidDataSource
2022-09-09 18:52:58.436 [restartedMain] INFO  com.alibaba.druid.pool.DruidDataSource - {dataSource-1} inited
2022-09-09 18:52:59.410 [restartedMain] INFO  org.apache.coyote.http11.Http11NioProtocol - Starting ProtocolHandler ["http-nio-8082"]
2022-09-09 18:52:59.433 [restartedMain] INFO  com.attendance.AttendanceApplication - Started AttendanceApplication in 3.185 seconds (JVM running for 3.965)
2022-09-09 18:53:09.071 [http-nio-8082-exec-1] INFO  o.a.c.core.ContainerBase.[Tomcat].[localhost].[/] - Initializing Spring DispatcherServlet 'dispatcherServlet'
2022-09-09 18:56:08.832 [SpringApplicationShutdownHook] INFO  com.alibaba.druid.pool.DruidDataSource - {dataSource-1} closing ...
2022-09-09 18:56:08.834 [SpringApplicationShutdownHook] INFO  com.alibaba.druid.pool.DruidDataSource - {dataSource-1} closed
2022-09-09 18:56:11.462 [restartedMain] INFO  com.attendance.AttendanceApplication - Starting AttendanceApplication using Java 1.8.0_201 on DESKTOP-GI6AVI7 with PID 13836 (D:\java\java_practice\attendance\target\classes started by lihong in D:\java\java_practice\attendance)
2022-09-09 18:56:11.463 [restartedMain] INFO  com.attendance.AttendanceApplication - No active profile set, falling back to 1 default profile: "default"
2022-09-09 18:56:12.701 [restartedMain] INFO  org.apache.coyote.http11.Http11NioProtocol - Initializing ProtocolHandler ["http-nio-8082"]
2022-09-09 18:56:12.701 [restartedMain] INFO  org.apache.catalina.core.StandardService - Starting service [Tomcat]
2022-09-09 18:56:12.701 [restartedMain] INFO  org.apache.catalina.core.StandardEngine - Starting Servlet engine: [Apache Tomcat/9.0.65]
2022-09-09 18:56:12.776 [restartedMain] INFO  o.a.c.core.ContainerBase.[Tomcat].[localhost].[/] - Initializing Spring embedded WebApplicationContext
2022-09-09 18:56:13.122 [restartedMain] INFO  c.a.d.s.b.a.DruidDataSourceAutoConfigure - Init DruidDataSource
2022-09-09 18:56:13.184 [restartedMain] INFO  com.alibaba.druid.pool.DruidDataSource - {dataSource-1} inited
2022-09-09 18:56:14.098 [restartedMain] INFO  org.apache.coyote.http11.Http11NioProtocol - Starting ProtocolHandler ["http-nio-8082"]
2022-09-09 18:56:14.122 [restartedMain] INFO  com.attendance.AttendanceApplication - Started AttendanceApplication in 3.139 seconds (JVM running for 4.224)
2022-09-09 18:56:15.939 [http-nio-8082-exec-1] INFO  o.a.c.core.ContainerBase.[Tomcat].[localhost].[/] - Initializing Spring DispatcherServlet 'dispatcherServlet'
2022-09-09 18:56:19.654 [SpringApplicationShutdownHook] INFO  com.alibaba.druid.pool.DruidDataSource - {dataSource-1} closing ...
2022-09-09 18:56:19.656 [SpringApplicationShutdownHook] INFO  com.alibaba.druid.pool.DruidDataSource - {dataSource-1} closed
2022-09-09 18:56:23.183 [restartedMain] INFO  com.attendance.AttendanceApplication - Starting AttendanceApplication using Java 1.8.0_201 on DESKTOP-GI6AVI7 with PID 1168 (D:\java\java_practice\attendance\target\classes started by lihong in D:\java\java_practice\attendance)
2022-09-09 18:56:23.184 [restartedMain] INFO  com.attendance.AttendanceApplication - No active profile set, falling back to 1 default profile: "default"
2022-09-09 18:56:24.452 [restartedMain] INFO  org.apache.coyote.http11.Http11NioProtocol - Initializing ProtocolHandler ["http-nio-8082"]
2022-09-09 18:56:24.453 [restartedMain] INFO  org.apache.catalina.core.StandardService - Starting service [Tomcat]
2022-09-09 18:56:24.453 [restartedMain] INFO  org.apache.catalina.core.StandardEngine - Starting Servlet engine: [Apache Tomcat/9.0.65]
2022-09-09 18:56:24.577 [restartedMain] INFO  o.a.c.core.ContainerBase.[Tomcat].[localhost].[/] - Initializing Spring embedded WebApplicationContext
2022-09-09 18:56:25.041 [restartedMain] INFO  c.a.d.s.b.a.DruidDataSourceAutoConfigure - Init DruidDataSource
2022-09-09 18:56:25.113 [restartedMain] INFO  com.alibaba.druid.pool.DruidDataSource - {dataSource-1} inited
2022-09-09 18:56:26.087 [restartedMain] INFO  org.apache.coyote.http11.Http11NioProtocol - Starting ProtocolHandler ["http-nio-8082"]
2022-09-09 18:56:26.112 [restartedMain] INFO  com.attendance.AttendanceApplication - Started AttendanceApplication in 3.313 seconds (JVM running for 5.42)
2022-09-09 18:56:28.230 [http-nio-8082-exec-4] INFO  o.a.c.core.ContainerBase.[Tomcat].[localhost].[/] - Initializing Spring DispatcherServlet 'dispatcherServlet'
2022-09-09 18:57:15.742 [SpringApplicationShutdownHook] INFO  com.alibaba.druid.pool.DruidDataSource - {dataSource-1} closing ...
2022-09-09 18:57:15.745 [SpringApplicationShutdownHook] INFO  com.alibaba.druid.pool.DruidDataSource - {dataSource-1} closed
2022-09-09 18:57:20.758 [restartedMain] INFO  com.attendance.AttendanceApplication - Starting AttendanceApplication using Java 1.8.0_201 on DESKTOP-GI6AVI7 with PID 16424 (D:\java\java_practice\attendance\target\classes started by lihong in D:\java\java_practice\attendance)
2022-09-09 18:57:20.760 [restartedMain] INFO  com.attendance.AttendanceApplication - No active profile set, falling back to 1 default profile: "default"
2022-09-09 18:57:22.937 [restartedMain] INFO  org.apache.coyote.http11.Http11NioProtocol - Initializing ProtocolHandler ["http-nio-8082"]
2022-09-09 18:57:22.938 [restartedMain] INFO  org.apache.catalina.core.StandardService - Starting service [Tomcat]
2022-09-09 18:57:22.939 [restartedMain] INFO  org.apache.catalina.core.StandardEngine - Starting Servlet engine: [Apache Tomcat/9.0.65]
2022-09-09 18:57:23.169 [restartedMain] INFO  o.a.c.core.ContainerBase.[Tomcat].[localhost].[/] - Initializing Spring embedded WebApplicationContext
2022-09-09 18:57:23.715 [restartedMain] INFO  c.a.d.s.b.a.DruidDataSourceAutoConfigure - Init DruidDataSource
2022-09-09 18:57:23.877 [restartedMain] INFO  com.alibaba.druid.pool.DruidDataSource - {dataSource-1} inited
2022-09-09 18:57:25.704 [restartedMain] INFO  org.apache.coyote.http11.Http11NioProtocol - Starting ProtocolHandler ["http-nio-8082"]
2022-09-09 18:57:25.778 [restartedMain] INFO  com.attendance.AttendanceApplication - Started AttendanceApplication in 5.523 seconds (JVM running for 6.69)
2022-09-09 18:57:26.417 [http-nio-8082-exec-1] INFO  o.a.c.core.ContainerBase.[Tomcat].[localhost].[/] - Initializing Spring DispatcherServlet 'dispatcherServlet'
2022-09-09 19:00:50.911 [restartedMain] INFO  com.attendance.AttendanceApplication - Starting AttendanceApplication using Java 1.8.0_201 on DESKTOP-GI6AVI7 with PID 13492 (D:\java\java_practice\attendance\target\classes started by lihong in D:\java\java_practice\attendance)
2022-09-09 19:00:50.920 [restartedMain] INFO  com.attendance.AttendanceApplication - No active profile set, falling back to 1 default profile: "default"
2022-09-09 19:00:52.449 [restartedMain] INFO  org.apache.coyote.http11.Http11NioProtocol - Initializing ProtocolHandler ["http-nio-8082"]
2022-09-09 19:00:52.449 [restartedMain] INFO  org.apache.catalina.core.StandardService - Starting service [Tomcat]
2022-09-09 19:00:52.449 [restartedMain] INFO  org.apache.catalina.core.StandardEngine - Starting Servlet engine: [Apache Tomcat/9.0.65]
2022-09-09 19:00:52.573 [restartedMain] INFO  o.a.c.core.ContainerBase.[Tomcat].[localhost].[/] - Initializing Spring embedded WebApplicationContext
2022-09-09 19:00:52.945 [restartedMain] INFO  c.a.d.s.b.a.DruidDataSourceAutoConfigure - Init DruidDataSource
2022-09-09 19:00:53.041 [restartedMain] INFO  com.alibaba.druid.pool.DruidDataSource - {dataSource-1} inited
2022-09-09 19:00:54.062 [restartedMain] INFO  org.apache.coyote.http11.Http11NioProtocol - Starting ProtocolHandler ["http-nio-8082"]
2022-09-09 19:00:54.088 [restartedMain] INFO  com.attendance.AttendanceApplication - Started AttendanceApplication in 3.641 seconds (JVM running for 4.477)
2022-09-09 19:01:12.329 [http-nio-8082-exec-1] INFO  o.a.c.core.ContainerBase.[Tomcat].[localhost].[/] - Initializing Spring DispatcherServlet 'dispatcherServlet'
2022-09-09 19:02:43.000 [SpringApplicationShutdownHook] INFO  com.alibaba.druid.pool.DruidDataSource - {dataSource-1} closing ...
2022-09-09 19:02:43.003 [SpringApplicationShutdownHook] INFO  com.alibaba.druid.pool.DruidDataSource - {dataSource-1} closed
2022-09-09 19:02:46.968 [restartedMain] INFO  com.attendance.AttendanceApplication - Starting AttendanceApplication using Java 1.8.0_201 on DESKTOP-GI6AVI7 with PID 3260 (D:\java\java_practice\attendance\target\classes started by lihong in D:\java\java_practice\attendance)
2022-09-09 19:02:46.970 [restartedMain] INFO  com.attendance.AttendanceApplication - No active profile set, falling back to 1 default profile: "default"
2022-09-09 19:02:48.448 [restartedMain] INFO  org.apache.coyote.http11.Http11NioProtocol - Initializing ProtocolHandler ["http-nio-8082"]
2022-09-09 19:02:48.449 [restartedMain] INFO  org.apache.catalina.core.StandardService - Starting service [Tomcat]
2022-09-09 19:02:48.449 [restartedMain] INFO  org.apache.catalina.core.StandardEngine - Starting Servlet engine: [Apache Tomcat/9.0.65]
2022-09-09 19:02:48.592 [restartedMain] INFO  o.a.c.core.ContainerBase.[Tomcat].[localhost].[/] - Initializing Spring embedded WebApplicationContext
2022-09-09 19:02:48.973 [restartedMain] INFO  c.a.d.s.b.a.DruidDataSourceAutoConfigure - Init DruidDataSource
2022-09-09 19:02:49.046 [restartedMain] INFO  com.alibaba.druid.pool.DruidDataSource - {dataSource-1} inited
2022-09-09 19:02:51.614 [restartedMain] INFO  com.attendance.AttendanceApplication - Starting AttendanceApplication using Java 1.8.0_201 on DESKTOP-GI6AVI7 with PID 14340 (D:\java\java_practice\attendance\target\classes started by lihong in D:\java\java_practice\attendance)
2022-09-09 19:02:51.615 [restartedMain] INFO  com.attendance.AttendanceApplication - No active profile set, falling back to 1 default profile: "default"
2022-09-09 19:02:52.911 [restartedMain] INFO  org.apache.coyote.http11.Http11NioProtocol - Initializing ProtocolHandler ["http-nio-8082"]
2022-09-09 19:02:52.912 [restartedMain] INFO  org.apache.catalina.core.StandardService - Starting service [Tomcat]
2022-09-09 19:02:52.912 [restartedMain] INFO  org.apache.catalina.core.StandardEngine - Starting Servlet engine: [Apache Tomcat/9.0.65]
2022-09-09 19:02:53.062 [restartedMain] INFO  o.a.c.core.ContainerBase.[Tomcat].[localhost].[/] - Initializing Spring embedded WebApplicationContext
2022-09-09 19:02:53.457 [restartedMain] INFO  c.a.d.s.b.a.DruidDataSourceAutoConfigure - Init DruidDataSource
2022-09-09 19:02:53.535 [restartedMain] INFO  com.alibaba.druid.pool.DruidDataSource - {dataSource-1} inited
2022-09-09 19:02:54.561 [restartedMain] INFO  org.apache.coyote.http11.Http11NioProtocol - Starting ProtocolHandler ["http-nio-8082"]
2022-09-09 19:02:54.589 [restartedMain] INFO  com.attendance.AttendanceApplication - Started AttendanceApplication in 3.473 seconds (JVM running for 4.421)
2022-09-09 19:03:00.883 [http-nio-8082-exec-1] INFO  o.a.c.core.ContainerBase.[Tomcat].[localhost].[/] - Initializing Spring DispatcherServlet 'dispatcherServlet'
2022-09-09 19:04:39.047 [restartedMain] INFO  com.attendance.AttendanceApplication - Starting AttendanceApplication using Java 1.8.0_201 on DESKTOP-GI6AVI7 with PID 18660 (D:\java\java_practice\attendance\target\classes started by lihong in D:\java\java_practice\attendance)
2022-09-09 19:04:39.048 [restartedMain] INFO  com.attendance.AttendanceApplication - No active profile set, falling back to 1 default profile: "default"
2022-09-09 19:04:40.367 [restartedMain] INFO  org.apache.coyote.http11.Http11NioProtocol - Initializing ProtocolHandler ["http-nio-8082"]
2022-09-09 19:04:40.367 [restartedMain] INFO  org.apache.catalina.core.StandardService - Starting service [Tomcat]
2022-09-09 19:04:40.367 [restartedMain] INFO  org.apache.catalina.core.StandardEngine - Starting Servlet engine: [Apache Tomcat/9.0.65]
2022-09-09 19:04:40.503 [restartedMain] INFO  o.a.c.core.ContainerBase.[Tomcat].[localhost].[/] - Initializing Spring embedded WebApplicationContext
2022-09-09 19:04:40.859 [restartedMain] INFO  c.a.d.s.b.a.DruidDataSourceAutoConfigure - Init DruidDataSource
2022-09-09 19:04:40.929 [restartedMain] INFO  com.alibaba.druid.pool.DruidDataSource - {dataSource-1} inited
2022-09-09 19:04:41.900 [restartedMain] INFO  org.apache.coyote.http11.Http11NioProtocol - Starting ProtocolHandler ["http-nio-8082"]
2022-09-09 19:04:41.924 [restartedMain] INFO  com.attendance.AttendanceApplication - Started AttendanceApplication in 3.449 seconds (JVM running for 4.224)
2022-09-09 19:04:44.207 [http-nio-8082-exec-1] INFO  o.a.c.core.ContainerBase.[Tomcat].[localhost].[/] - Initializing Spring DispatcherServlet 'dispatcherServlet'
2022-09-09 19:05:01.604 [SpringApplicationShutdownHook] INFO  com.alibaba.druid.pool.DruidDataSource - {dataSource-1} closing ...
2022-09-09 19:05:01.607 [SpringApplicationShutdownHook] INFO  com.alibaba.druid.pool.DruidDataSource - {dataSource-1} closed
2022-09-09 19:05:07.395 [restartedMain] INFO  com.attendance.AttendanceApplication - Starting AttendanceApplication using Java 1.8.0_201 on DESKTOP-GI6AVI7 with PID 6712 (D:\java\java_practice\attendance\target\classes started by lihong in D:\java\java_practice\attendance)
2022-09-09 19:05:07.396 [restartedMain] INFO  com.attendance.AttendanceApplication - No active profile set, falling back to 1 default profile: "default"
2022-09-09 19:05:08.538 [restartedMain] INFO  org.apache.coyote.http11.Http11NioProtocol - Initializing ProtocolHandler ["http-nio-8082"]
2022-09-09 19:05:08.538 [restartedMain] INFO  org.apache.catalina.core.StandardService - Starting service [Tomcat]
2022-09-09 19:05:08.538 [restartedMain] INFO  org.apache.catalina.core.StandardEngine - Starting Servlet engine: [Apache Tomcat/9.0.65]
2022-09-09 19:05:08.622 [restartedMain] INFO  o.a.c.core.ContainerBase.[Tomcat].[localhost].[/] - Initializing Spring embedded WebApplicationContext
2022-09-09 19:05:08.986 [restartedMain] INFO  c.a.d.s.b.a.DruidDataSourceAutoConfigure - Init DruidDataSource
2022-09-09 19:05:09.049 [restartedMain] INFO  com.alibaba.druid.pool.DruidDataSource - {dataSource-1} inited
2022-09-09 19:05:10.054 [restartedMain] INFO  org.apache.coyote.http11.Http11NioProtocol - Starting ProtocolHandler ["http-nio-8082"]
2022-09-09 19:05:10.098 [restartedMain] INFO  com.attendance.AttendanceApplication - Started AttendanceApplication in 3.07 seconds (JVM running for 3.827)
2022-09-09 19:05:18.115 [http-nio-8082-exec-1] INFO  o.a.c.core.ContainerBase.[Tomcat].[localhost].[/] - Initializing Spring DispatcherServlet 'dispatcherServlet'
2022-09-09 19:05:37.360 [SpringApplicationShutdownHook] INFO  com.alibaba.druid.pool.DruidDataSource - {dataSource-1} closing ...
2022-09-09 19:05:37.362 [SpringApplicationShutdownHook] INFO  com.alibaba.druid.pool.DruidDataSource - {dataSource-1} closed
2022-09-09 19:05:39.302 [restartedMain] INFO  com.attendance.AttendanceApplication - Starting AttendanceApplication using Java 1.8.0_201 on DESKTOP-GI6AVI7 with PID 2116 (D:\java\java_practice\attendance\target\classes started by lihong in D:\java\java_practice\attendance)
2022-09-09 19:05:39.303 [restartedMain] INFO  com.attendance.AttendanceApplication - No active profile set, falling back to 1 default profile: "default"
2022-09-09 19:05:40.688 [restartedMain] INFO  org.apache.coyote.http11.Http11NioProtocol - Initializing ProtocolHandler ["http-nio-8082"]
2022-09-09 19:05:40.689 [restartedMain] INFO  org.apache.catalina.core.StandardService - Starting service [Tomcat]
2022-09-09 19:05:40.689 [restartedMain] INFO  org.apache.catalina.core.StandardEngine - Starting Servlet engine: [Apache Tomcat/9.0.65]
2022-09-09 19:05:40.828 [restartedMain] INFO  o.a.c.core.ContainerBase.[Tomcat].[localhost].[/] - Initializing Spring embedded WebApplicationContext
2022-09-09 19:05:41.192 [restartedMain] INFO  c.a.d.s.b.a.DruidDataSourceAutoConfigure - Init DruidDataSource
2022-09-09 19:05:41.263 [restartedMain] INFO  com.alibaba.druid.pool.DruidDataSource - {dataSource-1} inited
2022-09-09 19:05:42.231 [restartedMain] INFO  org.apache.coyote.http11.Http11NioProtocol - Starting ProtocolHandler ["http-nio-8082"]
2022-09-09 19:05:42.256 [restartedMain] INFO  com.attendance.AttendanceApplication - Started AttendanceApplication in 3.432 seconds (JVM running for 4.389)
2022-09-09 19:05:46.773 [http-nio-8082-exec-1] INFO  o.a.c.core.ContainerBase.[Tomcat].[localhost].[/] - Initializing Spring DispatcherServlet 'dispatcherServlet'
2022-09-09 19:06:08.388 [restartedMain] INFO  com.attendance.AttendanceApplication - Starting AttendanceApplication using Java 1.8.0_201 on DESKTOP-GI6AVI7 with PID 7376 (D:\java\java_practice\attendance\target\classes started by lihong in D:\java\java_practice\attendance)
2022-09-09 19:06:08.389 [restartedMain] INFO  com.attendance.AttendanceApplication - No active profile set, falling back to 1 default profile: "default"
2022-09-09 19:06:09.657 [restartedMain] INFO  org.apache.coyote.http11.Http11NioProtocol - Initializing ProtocolHandler ["http-nio-8082"]
2022-09-09 19:06:09.657 [restartedMain] INFO  org.apache.catalina.core.StandardService - Starting service [Tomcat]
2022-09-09 19:06:09.658 [restartedMain] INFO  org.apache.catalina.core.StandardEngine - Starting Servlet engine: [Apache Tomcat/9.0.65]
2022-09-09 19:06:09.782 [restartedMain] INFO  o.a.c.core.ContainerBase.[Tomcat].[localhost].[/] - Initializing Spring embedded WebApplicationContext
2022-09-09 19:06:10.152 [restartedMain] INFO  c.a.d.s.b.a.DruidDataSourceAutoConfigure - Init DruidDataSource
2022-09-09 19:06:10.226 [restartedMain] INFO  com.alibaba.druid.pool.DruidDataSource - {dataSource-1} inited
2022-09-09 19:06:11.202 [restartedMain] INFO  org.apache.coyote.http11.Http11NioProtocol - Starting ProtocolHandler ["http-nio-8082"]
2022-09-09 19:06:11.227 [restartedMain] INFO  com.attendance.AttendanceApplication - Started AttendanceApplication in 3.308 seconds (JVM running for 4.13)
2022-09-09 19:06:22.933 [SpringApplicationShutdownHook] INFO  com.alibaba.druid.pool.DruidDataSource - {dataSource-1} closing ...
2022-09-09 19:06:22.934 [SpringApplicationShutdownHook] INFO  com.alibaba.druid.pool.DruidDataSource - {dataSource-1} closed
2022-09-09 19:06:27.200 [restartedMain] INFO  com.attendance.AttendanceApplication - Starting AttendanceApplication using Java 1.8.0_201 on DESKTOP-GI6AVI7 with PID 2192 (D:\java\java_practice\attendance\target\classes started by lihong in D:\java\java_practice\attendance)
2022-09-09 19:06:27.201 [restartedMain] INFO  com.attendance.AttendanceApplication - No active profile set, falling back to 1 default profile: "default"
2022-09-09 19:06:28.456 [restartedMain] INFO  org.apache.coyote.http11.Http11NioProtocol - Initializing ProtocolHandler ["http-nio-8082"]
2022-09-09 19:06:28.456 [restartedMain] INFO  org.apache.catalina.core.StandardService - Starting service [Tomcat]
2022-09-09 19:06:28.457 [restartedMain] INFO  org.apache.catalina.core.StandardEngine - Starting Servlet engine: [Apache Tomcat/9.0.65]
2022-09-09 19:06:28.587 [restartedMain] INFO  o.a.c.core.ContainerBase.[Tomcat].[localhost].[/] - Initializing Spring embedded WebApplicationContext
2022-09-09 19:06:28.941 [restartedMain] INFO  c.a.d.s.b.a.DruidDataSourceAutoConfigure - Init DruidDataSource
2022-09-09 19:06:29.010 [restartedMain] INFO  com.alibaba.druid.pool.DruidDataSource - {dataSource-1} inited
2022-09-09 19:06:29.973 [restartedMain] INFO  org.apache.coyote.http11.Http11NioProtocol - Starting ProtocolHandler ["http-nio-8082"]
2022-09-09 19:06:29.998 [restartedMain] INFO  com.attendance.AttendanceApplication - Started AttendanceApplication in 3.331 seconds (JVM running for 4.117)
2022-09-09 19:06:31.316 [http-nio-8082-exec-1] INFO  o.a.c.core.ContainerBase.[Tomcat].[localhost].[/] - Initializing Spring DispatcherServlet 'dispatcherServlet'
2022-09-09 19:06:42.735 [SpringApplicationShutdownHook] INFO  com.alibaba.druid.pool.DruidDataSource - {dataSource-1} closing ...
2022-09-09 19:06:42.737 [SpringApplicationShutdownHook] INFO  com.alibaba.druid.pool.DruidDataSource - {dataSource-1} closed
2022-09-09 19:06:58.477 [restartedMain] INFO  com.attendance.AttendanceApplication - Starting AttendanceApplication using Java 1.8.0_201 on DESKTOP-GI6AVI7 with PID 19640 (D:\java\java_practice\attendance\target\classes started by lihong in D:\java\java_practice\attendance)
2022-09-09 19:06:58.478 [restartedMain] INFO  com.attendance.AttendanceApplication - No active profile set, falling back to 1 default profile: "default"
2022-09-09 19:06:59.726 [restartedMain] INFO  org.apache.coyote.http11.Http11NioProtocol - Initializing ProtocolHandler ["http-nio-8082"]
2022-09-09 19:06:59.727 [restartedMain] INFO  org.apache.catalina.core.StandardService - Starting service [Tomcat]
2022-09-09 19:06:59.727 [restartedMain] INFO  org.apache.catalina.core.StandardEngine - Starting Servlet engine: [Apache Tomcat/9.0.65]
2022-09-09 19:06:59.801 [restartedMain] INFO  o.a.c.core.ContainerBase.[Tomcat].[localhost].[/] - Initializing Spring embedded WebApplicationContext
2022-09-09 19:07:00.149 [restartedMain] INFO  c.a.d.s.b.a.DruidDataSourceAutoConfigure - Init DruidDataSource
2022-09-09 19:07:00.211 [restartedMain] INFO  com.alibaba.druid.pool.DruidDataSource - {dataSource-1} inited
2022-09-09 19:07:01.132 [restartedMain] INFO  org.apache.coyote.http11.Http11NioProtocol - Starting ProtocolHandler ["http-nio-8082"]
2022-09-09 19:07:01.154 [restartedMain] INFO  com.attendance.AttendanceApplication - Started AttendanceApplication in 3.152 seconds (JVM running for 4.111)
2022-09-09 19:07:50.135 [http-nio-8082-exec-1] INFO  o.a.c.core.ContainerBase.[Tomcat].[localhost].[/] - Initializing Spring DispatcherServlet 'dispatcherServlet'
2022-09-09 19:23:01.096 [SpringApplicationShutdownHook] INFO  com.alibaba.druid.pool.DruidDataSource - {dataSource-1} closing ...
2022-09-09 19:23:01.100 [SpringApplicationShutdownHook] INFO  com.alibaba.druid.pool.DruidDataSource - {dataSource-1} closed
2022-09-09 19:23:07.659 [restartedMain] INFO  com.attendance.AttendanceApplication - Starting AttendanceApplication using Java 1.8.0_201 on DESKTOP-GI6AVI7 with PID 13040 (D:\java\java_practice\attendance\target\classes started by lihong in D:\java\java_practice\attendance)
2022-09-09 19:23:07.661 [restartedMain] INFO  com.attendance.AttendanceApplication - No active profile set, falling back to 1 default profile: "default"
2022-09-09 19:23:08.996 [restartedMain] INFO  org.apache.coyote.http11.Http11NioProtocol - Initializing ProtocolHandler ["http-nio-8082"]
2022-09-09 19:23:08.997 [restartedMain] INFO  org.apache.catalina.core.StandardService - Starting service [Tomcat]
2022-09-09 19:23:08.997 [restartedMain] INFO  org.apache.catalina.core.StandardEngine - Starting Servlet engine: [Apache Tomcat/9.0.65]
2022-09-09 19:23:09.090 [restartedMain] INFO  o.a.c.core.ContainerBase.[Tomcat].[localhost].[/] - Initializing Spring embedded WebApplicationContext
2022-09-09 19:23:09.448 [restartedMain] INFO  c.a.d.s.b.a.DruidDataSourceAutoConfigure - Init DruidDataSource
2022-09-09 19:23:09.516 [restartedMain] INFO  com.alibaba.druid.pool.DruidDataSource - {dataSource-1} inited
2022-09-09 19:23:10.431 [restartedMain] INFO  org.apache.coyote.http11.Http11NioProtocol - Starting ProtocolHandler ["http-nio-8082"]
2022-09-09 19:23:10.453 [restartedMain] INFO  com.attendance.AttendanceApplication - Started AttendanceApplication in 3.273 seconds (JVM running for 4.006)
2022-09-09 19:23:15.256 [http-nio-8082-exec-1] INFO  o.a.c.core.ContainerBase.[Tomcat].[localhost].[/] - Initializing Spring DispatcherServlet 'dispatcherServlet'
2022-09-09 19:26:08.592 [SpringApplicationShutdownHook] INFO  com.alibaba.druid.pool.DruidDataSource - {dataSource-1} closing ...
2022-09-09 19:26:08.594 [SpringApplicationShutdownHook] INFO  com.alibaba.druid.pool.DruidDataSource - {dataSource-1} closed
2022-09-09 19:26:12.962 [restartedMain] INFO  com.attendance.AttendanceApplication - Starting AttendanceApplication using Java 1.8.0_201 on DESKTOP-GI6AVI7 with PID 2920 (D:\java\java_practice\attendance\target\classes started by lihong in D:\java\java_practice\attendance)
2022-09-09 19:26:12.964 [restartedMain] INFO  com.attendance.AttendanceApplication - No active profile set, falling back to 1 default profile: "default"
2022-09-09 19:26:14.071 [restartedMain] INFO  org.apache.coyote.http11.Http11NioProtocol - Initializing ProtocolHandler ["http-nio-8082"]
2022-09-09 19:26:14.072 [restartedMain] INFO  org.apache.catalina.core.StandardService - Starting service [Tomcat]
2022-09-09 19:26:14.072 [restartedMain] INFO  org.apache.catalina.core.StandardEngine - Starting Servlet engine: [Apache Tomcat/9.0.65]
2022-09-09 19:26:14.170 [restartedMain] INFO  o.a.c.core.ContainerBase.[Tomcat].[localhost].[/] - Initializing Spring embedded WebApplicationContext
2022-09-09 19:26:14.548 [restartedMain] INFO  c.a.d.s.b.a.DruidDataSourceAutoConfigure - Init DruidDataSource
2022-09-09 19:26:14.618 [restartedMain] INFO  com.alibaba.druid.pool.DruidDataSource - {dataSource-1} inited
2022-09-09 19:26:15.628 [restartedMain] INFO  org.apache.coyote.http11.Http11NioProtocol - Starting ProtocolHandler ["http-nio-8082"]
2022-09-09 19:26:15.652 [restartedMain] INFO  com.attendance.AttendanceApplication - Started AttendanceApplication in 3.22 seconds (JVM running for 3.908)
2022-09-09 19:26:24.882 [http-nio-8082-exec-1] INFO  o.a.c.core.ContainerBase.[Tomcat].[localhost].[/] - Initializing Spring DispatcherServlet 'dispatcherServlet'
2022-09-09 19:30:08.770 [SpringApplicationShutdownHook] INFO  com.alibaba.druid.pool.DruidDataSource - {dataSource-1} closing ...
2022-09-09 19:30:08.772 [SpringApplicationShutdownHook] INFO  com.alibaba.druid.pool.DruidDataSource - {dataSource-1} closed
2022-09-09 19:30:12.924 [restartedMain] INFO  com.attendance.AttendanceApplication - Starting AttendanceApplication using Java 1.8.0_201 on DESKTOP-GI6AVI7 with PID 6776 (D:\java\java_practice\attendance\target\classes started by lihong in D:\java\java_practice\attendance)
2022-09-09 19:30:12.925 [restartedMain] INFO  com.attendance.AttendanceApplication - No active profile set, falling back to 1 default profile: "default"
2022-09-09 19:30:14.032 [restartedMain] INFO  org.apache.coyote.http11.Http11NioProtocol - Initializing ProtocolHandler ["http-nio-8082"]
2022-09-09 19:30:14.032 [restartedMain] INFO  org.apache.catalina.core.StandardService - Starting service [Tomcat]
2022-09-09 19:30:14.032 [restartedMain] INFO  org.apache.catalina.core.StandardEngine - Starting Servlet engine: [Apache Tomcat/9.0.65]
2022-09-09 19:30:14.116 [restartedMain] INFO  o.a.c.core.ContainerBase.[Tomcat].[localhost].[/] - Initializing Spring embedded WebApplicationContext
2022-09-09 19:30:14.461 [restartedMain] INFO  c.a.d.s.b.a.DruidDataSourceAutoConfigure - Init DruidDataSource
2022-09-09 19:30:14.526 [restartedMain] INFO  com.alibaba.druid.pool.DruidDataSource - {dataSource-1} inited
2022-09-09 19:30:15.412 [restartedMain] INFO  org.apache.coyote.http11.Http11NioProtocol - Starting ProtocolHandler ["http-nio-8082"]
2022-09-09 19:30:15.435 [restartedMain] INFO  com.attendance.AttendanceApplication - Started AttendanceApplication in 2.85 seconds (JVM running for 3.692)
2022-09-09 19:30:24.872 [http-nio-8082-exec-1] INFO  o.a.c.core.ContainerBase.[Tomcat].[localhost].[/] - Initializing Spring DispatcherServlet 'dispatcherServlet'
2022-09-09 19:31:17.251 [SpringApplicationShutdownHook] INFO  com.alibaba.druid.pool.DruidDataSource - {dataSource-1} closing ...
2022-09-09 19:31:17.253 [SpringApplicationShutdownHook] INFO  com.alibaba.druid.pool.DruidDataSource - {dataSource-1} closed
2022-09-09 19:31:21.249 [restartedMain] INFO  com.attendance.AttendanceApplication - Starting AttendanceApplication using Java 1.8.0_201 on DESKTOP-GI6AVI7 with PID 4004 (D:\java\java_practice\attendance\target\classes started by lihong in D:\java\java_practice\attendance)
2022-09-09 19:31:21.250 [restartedMain] INFO  com.attendance.AttendanceApplication - No active profile set, falling back to 1 default profile: "default"
2022-09-09 19:31:22.503 [restartedMain] INFO  org.apache.coyote.http11.Http11NioProtocol - Initializing ProtocolHandler ["http-nio-8082"]
2022-09-09 19:31:22.503 [restartedMain] INFO  org.apache.catalina.core.StandardService - Starting service [Tomcat]
2022-09-09 19:31:22.503 [restartedMain] INFO  org.apache.catalina.core.StandardEngine - Starting Servlet engine: [Apache Tomcat/9.0.65]
2022-09-09 19:31:22.584 [restartedMain] INFO  o.a.c.core.ContainerBase.[Tomcat].[localhost].[/] - Initializing Spring embedded WebApplicationContext
2022-09-09 19:31:22.922 [restartedMain] INFO  c.a.d.s.b.a.DruidDataSourceAutoConfigure - Init DruidDataSource
2022-09-09 19:31:22.983 [restartedMain] INFO  com.alibaba.druid.pool.DruidDataSource - {dataSource-1} inited
2022-09-09 19:31:23.858 [restartedMain] INFO  org.apache.coyote.http11.Http11NioProtocol - Starting ProtocolHandler ["http-nio-8082"]
2022-09-09 19:31:23.880 [restartedMain] INFO  com.attendance.AttendanceApplication - Started AttendanceApplication in 3.015 seconds (JVM running for 3.688)
2022-09-09 19:31:25.776 [http-nio-8082-exec-3] INFO  o.a.c.core.ContainerBase.[Tomcat].[localhost].[/] - Initializing Spring DispatcherServlet 'dispatcherServlet'
2022-09-09 19:31:59.484 [SpringApplicationShutdownHook] INFO  com.alibaba.druid.pool.DruidDataSource - {dataSource-1} closing ...
2022-09-09 19:31:59.487 [SpringApplicationShutdownHook] INFO  com.alibaba.druid.pool.DruidDataSource - {dataSource-1} closed
2022-09-09 19:32:03.420 [restartedMain] INFO  com.attendance.AttendanceApplication - Starting AttendanceApplication using Java 1.8.0_201 on DESKTOP-GI6AVI7 with PID 15528 (D:\java\java_practice\attendance\target\classes started by lihong in D:\java\java_practice\attendance)
2022-09-09 19:32:03.421 [restartedMain] INFO  com.attendance.AttendanceApplication - No active profile set, falling back to 1 default profile: "default"
2022-09-09 19:32:04.678 [restartedMain] INFO  org.apache.coyote.http11.Http11NioProtocol - Initializing ProtocolHandler ["http-nio-8082"]
2022-09-09 19:32:04.679 [restartedMain] INFO  org.apache.catalina.core.StandardService - Starting service [Tomcat]
2022-09-09 19:32:04.680 [restartedMain] INFO  org.apache.catalina.core.StandardEngine - Starting Servlet engine: [Apache Tomcat/9.0.65]
2022-09-09 19:32:04.786 [restartedMain] INFO  o.a.c.core.ContainerBase.[Tomcat].[localhost].[/] - Initializing Spring embedded WebApplicationContext
2022-09-09 19:32:05.230 [restartedMain] INFO  c.a.d.s.b.a.DruidDataSourceAutoConfigure - Init DruidDataSource
2022-09-09 19:32:05.293 [restartedMain] INFO  com.alibaba.druid.pool.DruidDataSource - {dataSource-1} inited
2022-09-09 19:32:06.287 [restartedMain] INFO  org.apache.coyote.http11.Http11NioProtocol - Starting ProtocolHandler ["http-nio-8082"]
2022-09-09 19:32:06.312 [restartedMain] INFO  com.attendance.AttendanceApplication - Started AttendanceApplication in 3.235 seconds (JVM running for 3.895)
2022-09-09 19:32:10.478 [http-nio-8082-exec-1] INFO  o.a.c.core.ContainerBase.[Tomcat].[localhost].[/] - Initializing Spring DispatcherServlet 'dispatcherServlet'
2022-09-09 19:33:29.519 [SpringApplicationShutdownHook] INFO  com.alibaba.druid.pool.DruidDataSource - {dataSource-1} closing ...
2022-09-09 19:33:29.521 [SpringApplicationShutdownHook] INFO  com.alibaba.druid.pool.DruidDataSource - {dataSource-1} closed
2022-09-09 19:33:33.606 [restartedMain] INFO  com.attendance.AttendanceApplication - Starting AttendanceApplication using Java 1.8.0_201 on DESKTOP-GI6AVI7 with PID 2512 (D:\java\java_practice\attendance\target\classes started by lihong in D:\java\java_practice\attendance)
2022-09-09 19:33:33.607 [restartedMain] INFO  com.attendance.AttendanceApplication - No active profile set, falling back to 1 default profile: "default"
2022-09-09 19:33:34.794 [restartedMain] INFO  org.apache.coyote.http11.Http11NioProtocol - Initializing ProtocolHandler ["http-nio-8082"]
2022-09-09 19:33:34.795 [restartedMain] INFO  org.apache.catalina.core.StandardService - Starting service [Tomcat]
2022-09-09 19:33:34.795 [restartedMain] INFO  org.apache.catalina.core.StandardEngine - Starting Servlet engine: [Apache Tomcat/9.0.65]
2022-09-09 19:33:34.882 [restartedMain] INFO  o.a.c.core.ContainerBase.[Tomcat].[localhost].[/] - Initializing Spring embedded WebApplicationContext
2022-09-09 19:33:35.218 [restartedMain] INFO  c.a.d.s.b.a.DruidDataSourceAutoConfigure - Init DruidDataSource
2022-09-09 19:33:35.277 [restartedMain] INFO  com.alibaba.druid.pool.DruidDataSource - {dataSource-1} inited
2022-09-09 19:33:36.166 [restartedMain] INFO  org.apache.coyote.http11.Http11NioProtocol - Starting ProtocolHandler ["http-nio-8082"]
2022-09-09 19:33:36.188 [restartedMain] INFO  com.attendance.AttendanceApplication - Started AttendanceApplication in 2.921 seconds (JVM running for 3.58)
2022-09-09 19:33:41.266 [http-nio-8082-exec-1] INFO  o.a.c.core.ContainerBase.[Tomcat].[localhost].[/] - Initializing Spring DispatcherServlet 'dispatcherServlet'
2022-09-09 19:34:20.502 [SpringApplicationShutdownHook] INFO  com.alibaba.druid.pool.DruidDataSource - {dataSource-1} closing ...
2022-09-09 19:34:20.504 [SpringApplicationShutdownHook] INFO  com.alibaba.druid.pool.DruidDataSource - {dataSource-1} closed
2022-09-09 19:34:24.789 [restartedMain] INFO  com.attendance.AttendanceApplication - Starting AttendanceApplication using Java 1.8.0_201 on DESKTOP-GI6AVI7 with PID 8924 (D:\java\java_practice\attendance\target\classes started by lihong in D:\java\java_practice\attendance)
2022-09-09 19:34:24.790 [restartedMain] INFO  com.attendance.AttendanceApplication - No active profile set, falling back to 1 default profile: "default"
2022-09-09 19:34:25.904 [restartedMain] INFO  org.apache.coyote.http11.Http11NioProtocol - Initializing ProtocolHandler ["http-nio-8082"]
2022-09-09 19:34:25.905 [restartedMain] INFO  org.apache.catalina.core.StandardService - Starting service [Tomcat]
2022-09-09 19:34:25.905 [restartedMain] INFO  org.apache.catalina.core.StandardEngine - Starting Servlet engine: [Apache Tomcat/9.0.65]
2022-09-09 19:34:25.993 [restartedMain] INFO  o.a.c.core.ContainerBase.[Tomcat].[localhost].[/] - Initializing Spring embedded WebApplicationContext
2022-09-09 19:34:26.330 [restartedMain] INFO  c.a.d.s.b.a.DruidDataSourceAutoConfigure - Init DruidDataSource
2022-09-09 19:34:26.390 [restartedMain] INFO  com.alibaba.druid.pool.DruidDataSource - {dataSource-1} inited
2022-09-09 19:34:27.267 [restartedMain] INFO  org.apache.coyote.http11.Http11NioProtocol - Starting ProtocolHandler ["http-nio-8082"]
2022-09-09 19:34:27.289 [restartedMain] INFO  com.attendance.AttendanceApplication - Started AttendanceApplication in 2.84 seconds (JVM running for 3.636)
2022-09-09 19:34:28.326 [http-nio-8082-exec-1] INFO  o.a.c.core.ContainerBase.[Tomcat].[localhost].[/] - Initializing Spring DispatcherServlet 'dispatcherServlet'
2022-09-09 19:35:10.890 [SpringApplicationShutdownHook] INFO  com.alibaba.druid.pool.DruidDataSource - {dataSource-1} closing ...
2022-09-09 19:35:10.892 [SpringApplicationShutdownHook] INFO  com.alibaba.druid.pool.DruidDataSource - {dataSource-1} closed
2022-09-09 19:35:15.522 [restartedMain] INFO  com.attendance.AttendanceApplication - Starting AttendanceApplication using Java 1.8.0_201 on DESKTOP-GI6AVI7 with PID 4940 (D:\java\java_practice\attendance\target\classes started by lihong in D:\java\java_practice\attendance)
2022-09-09 19:35:15.523 [restartedMain] INFO  com.attendance.AttendanceApplication - No active profile set, falling back to 1 default profile: "default"
2022-09-09 19:35:16.590 [restartedMain] INFO  org.apache.coyote.http11.Http11NioProtocol - Initializing ProtocolHandler ["http-nio-8082"]
2022-09-09 19:35:16.590 [restartedMain] INFO  org.apache.catalina.core.StandardService - Starting service [Tomcat]
2022-09-09 19:35:16.590 [restartedMain] INFO  org.apache.catalina.core.StandardEngine - Starting Servlet engine: [Apache Tomcat/9.0.65]
2022-09-09 19:35:16.677 [restartedMain] INFO  o.a.c.core.ContainerBase.[Tomcat].[localhost].[/] - Initializing Spring embedded WebApplicationContext
2022-09-09 19:35:17.026 [restartedMain] INFO  c.a.d.s.b.a.DruidDataSourceAutoConfigure - Init DruidDataSource
2022-09-09 19:35:17.086 [restartedMain] INFO  com.alibaba.druid.pool.DruidDataSource - {dataSource-1} inited
2022-09-09 19:35:17.976 [restartedMain] INFO  org.apache.coyote.http11.Http11NioProtocol - Starting ProtocolHandler ["http-nio-8082"]
2022-09-09 19:35:17.997 [restartedMain] INFO  com.attendance.AttendanceApplication - Started AttendanceApplication in 3.131 seconds (JVM running for 4.024)
2022-09-09 19:35:18.598 [http-nio-8082-exec-2] INFO  o.a.c.core.ContainerBase.[Tomcat].[localhost].[/] - Initializing Spring DispatcherServlet 'dispatcherServlet'
2022-09-09 19:36:42.705 [SpringApplicationShutdownHook] INFO  com.alibaba.druid.pool.DruidDataSource - {dataSource-1} closing ...
2022-09-09 19:36:42.707 [SpringApplicationShutdownHook] INFO  com.alibaba.druid.pool.DruidDataSource - {dataSource-1} closed
2022-09-09 19:36:46.570 [restartedMain] INFO  com.attendance.AttendanceApplication - Starting AttendanceApplication using Java 1.8.0_201 on DESKTOP-GI6AVI7 with PID 8124 (D:\java\java_practice\attendance\target\classes started by lihong in D:\java\java_practice\attendance)
2022-09-09 19:36:46.571 [restartedMain] INFO  com.attendance.AttendanceApplication - No active profile set, falling back to 1 default profile: "default"
2022-09-09 19:36:47.652 [restartedMain] INFO  org.apache.coyote.http11.Http11NioProtocol - Initializing ProtocolHandler ["http-nio-8082"]
2022-09-09 19:36:47.652 [restartedMain] INFO  org.apache.catalina.core.StandardService - Starting service [Tomcat]
2022-09-09 19:36:47.653 [restartedMain] INFO  org.apache.catalina.core.StandardEngine - Starting Servlet engine: [Apache Tomcat/9.0.65]
2022-09-09 19:36:47.738 [restartedMain] INFO  o.a.c.core.ContainerBase.[Tomcat].[localhost].[/] - Initializing Spring embedded WebApplicationContext
2022-09-09 19:36:48.079 [restartedMain] INFO  c.a.d.s.b.a.DruidDataSourceAutoConfigure - Init DruidDataSource
2022-09-09 19:36:48.139 [restartedMain] INFO  com.alibaba.druid.pool.DruidDataSource - {dataSource-1} inited
2022-09-09 19:36:49.003 [restartedMain] INFO  org.apache.coyote.http11.Http11NioProtocol - Starting ProtocolHandler ["http-nio-8082"]
2022-09-09 19:36:49.025 [restartedMain] INFO  com.attendance.AttendanceApplication - Started AttendanceApplication in 2.786 seconds (JVM running for 3.49)
2022-09-09 19:37:04.686 [http-nio-8082-exec-3] INFO  o.a.c.core.ContainerBase.[Tomcat].[localhost].[/] - Initializing Spring DispatcherServlet 'dispatcherServlet'
2022-09-09 19:38:18.623 [SpringApplicationShutdownHook] INFO  com.alibaba.druid.pool.DruidDataSource - {dataSource-1} closing ...
2022-09-09 19:38:18.625 [SpringApplicationShutdownHook] INFO  com.alibaba.druid.pool.DruidDataSource - {dataSource-1} closed
2022-09-09 19:38:22.818 [restartedMain] INFO  com.attendance.AttendanceApplication - Starting AttendanceApplication using Java 1.8.0_201 on DESKTOP-GI6AVI7 with PID 17552 (D:\java\java_practice\attendance\target\classes started by lihong in D:\java\java_practice\attendance)
2022-09-09 19:38:22.819 [restartedMain] INFO  com.attendance.AttendanceApplication - No active profile set, falling back to 1 default profile: "default"
2022-09-09 19:38:23.991 [restartedMain] INFO  org.apache.coyote.http11.Http11NioProtocol - Initializing ProtocolHandler ["http-nio-8082"]
2022-09-09 19:38:23.991 [restartedMain] INFO  org.apache.catalina.core.StandardService - Starting service [Tomcat]
2022-09-09 19:38:23.992 [restartedMain] INFO  org.apache.catalina.core.StandardEngine - Starting Servlet engine: [Apache Tomcat/9.0.65]
2022-09-09 19:38:24.076 [restartedMain] INFO  o.a.c.core.ContainerBase.[Tomcat].[localhost].[/] - Initializing Spring embedded WebApplicationContext
2022-09-09 19:38:24.429 [restartedMain] INFO  c.a.d.s.b.a.DruidDataSourceAutoConfigure - Init DruidDataSource
2022-09-09 19:38:24.518 [restartedMain] INFO  com.alibaba.druid.pool.DruidDataSource - {dataSource-1} inited
2022-09-09 19:38:25.494 [restartedMain] INFO  org.apache.coyote.http11.Http11NioProtocol - Starting ProtocolHandler ["http-nio-8082"]
2022-09-09 19:38:25.518 [restartedMain] INFO  com.attendance.AttendanceApplication - Started AttendanceApplication in 3.059 seconds (JVM running for 3.779)
2022-09-09 19:38:28.344 [http-nio-8082-exec-2] INFO  o.a.c.core.ContainerBase.[Tomcat].[localhost].[/] - Initializing Spring DispatcherServlet 'dispatcherServlet'
2022-09-09 19:38:51.452 [SpringApplicationShutdownHook] INFO  com.alibaba.druid.pool.DruidDataSource - {dataSource-1} closing ...
2022-09-09 19:38:51.454 [SpringApplicationShutdownHook] INFO  com.alibaba.druid.pool.DruidDataSource - {dataSource-1} closed
2022-09-09 19:38:55.891 [restartedMain] INFO  com.attendance.AttendanceApplication - Starting AttendanceApplication using Java 1.8.0_201 on DESKTOP-GI6AVI7 with PID 18252 (D:\java\java_practice\attendance\target\classes started by lihong in D:\java\java_practice\attendance)
2022-09-09 19:38:55.892 [restartedMain] INFO  com.attendance.AttendanceApplication - No active profile set, falling back to 1 default profile: "default"
2022-09-09 19:38:56.979 [restartedMain] INFO  org.apache.coyote.http11.Http11NioProtocol - Initializing ProtocolHandler ["http-nio-8082"]
2022-09-09 19:38:56.980 [restartedMain] INFO  org.apache.catalina.core.StandardService - Starting service [Tomcat]
2022-09-09 19:38:56.980 [restartedMain] INFO  org.apache.catalina.core.StandardEngine - Starting Servlet engine: [Apache Tomcat/9.0.65]
2022-09-09 19:38:57.068 [restartedMain] INFO  o.a.c.core.ContainerBase.[Tomcat].[localhost].[/] - Initializing Spring embedded WebApplicationContext
2022-09-09 19:38:57.429 [restartedMain] INFO  c.a.d.s.b.a.DruidDataSourceAutoConfigure - Init DruidDataSource
2022-09-09 19:38:57.488 [restartedMain] INFO  com.alibaba.druid.pool.DruidDataSource - {dataSource-1} inited
2022-09-09 19:38:58.497 [restartedMain] INFO  org.apache.coyote.http11.Http11NioProtocol - Starting ProtocolHandler ["http-nio-8082"]
2022-09-09 19:38:58.531 [restartedMain] INFO  com.attendance.AttendanceApplication - Started AttendanceApplication in 3.009 seconds (JVM running for 3.967)
2022-09-09 19:38:59.748 [http-nio-8082-exec-2] INFO  o.a.c.core.ContainerBase.[Tomcat].[localhost].[/] - Initializing Spring DispatcherServlet 'dispatcherServlet'
2022-09-09 19:39:14.455 [SpringApplicationShutdownHook] INFO  com.alibaba.druid.pool.DruidDataSource - {dataSource-1} closing ...
2022-09-09 19:39:14.457 [SpringApplicationShutdownHook] INFO  com.alibaba.druid.pool.DruidDataSource - {dataSource-1} closed
2022-09-09 19:39:18.647 [restartedMain] INFO  com.attendance.AttendanceApplication - Starting AttendanceApplication using Java 1.8.0_201 on DESKTOP-GI6AVI7 with PID 11628 (D:\java\java_practice\attendance\target\classes started by lihong in D:\java\java_practice\attendance)
2022-09-09 19:39:18.648 [restartedMain] INFO  com.attendance.AttendanceApplication - No active profile set, falling back to 1 default profile: "default"
2022-09-09 19:39:19.784 [restartedMain] INFO  org.apache.coyote.http11.Http11NioProtocol - Initializing ProtocolHandler ["http-nio-8082"]
2022-09-09 19:39:19.785 [restartedMain] INFO  org.apache.catalina.core.StandardService - Starting service [Tomcat]
2022-09-09 19:39:19.785 [restartedMain] INFO  org.apache.catalina.core.StandardEngine - Starting Servlet engine: [Apache Tomcat/9.0.65]
2022-09-09 19:39:19.869 [restartedMain] INFO  o.a.c.core.ContainerBase.[Tomcat].[localhost].[/] - Initializing Spring embedded WebApplicationContext
2022-09-09 19:39:20.219 [restartedMain] INFO  c.a.d.s.b.a.DruidDataSourceAutoConfigure - Init DruidDataSource
2022-09-09 19:39:20.279 [restartedMain] INFO  com.alibaba.druid.pool.DruidDataSource - {dataSource-1} inited
2022-09-09 19:39:21.191 [restartedMain] INFO  org.apache.coyote.http11.Http11NioProtocol - Starting ProtocolHandler ["http-nio-8082"]
2022-09-09 19:39:21.214 [restartedMain] INFO  com.attendance.AttendanceApplication - Started AttendanceApplication in 2.899 seconds (JVM running for 3.597)
2022-09-09 19:39:25.010 [http-nio-8082-exec-1] INFO  o.a.c.core.ContainerBase.[Tomcat].[localhost].[/] - Initializing Spring DispatcherServlet 'dispatcherServlet'
2022-09-09 19:39:42.020 [SpringApplicationShutdownHook] INFO  com.alibaba.druid.pool.DruidDataSource - {dataSource-1} closing ...
2022-09-09 19:39:42.022 [SpringApplicationShutdownHook] INFO  com.alibaba.druid.pool.DruidDataSource - {dataSource-1} closed
2022-09-09 19:39:44.396 [restartedMain] INFO  com.attendance.AttendanceApplication - Starting AttendanceApplication using Java 1.8.0_201 on DESKTOP-GI6AVI7 with PID 5840 (D:\java\java_practice\attendance\target\classes started by lihong in D:\java\java_practice\attendance)
2022-09-09 19:39:44.396 [restartedMain] INFO  com.attendance.AttendanceApplication - No active profile set, falling back to 1 default profile: "default"
2022-09-09 19:39:45.628 [restartedMain] INFO  org.apache.coyote.http11.Http11NioProtocol - Initializing ProtocolHandler ["http-nio-8082"]
2022-09-09 19:39:45.629 [restartedMain] INFO  org.apache.catalina.core.StandardService - Starting service [Tomcat]
2022-09-09 19:39:45.629 [restartedMain] INFO  org.apache.catalina.core.StandardEngine - Starting Servlet engine: [Apache Tomcat/9.0.65]
2022-09-09 19:39:45.712 [restartedMain] INFO  o.a.c.core.ContainerBase.[Tomcat].[localhost].[/] - Initializing Spring embedded WebApplicationContext
2022-09-09 19:39:46.095 [restartedMain] INFO  c.a.d.s.b.a.DruidDataSourceAutoConfigure - Init DruidDataSource
2022-09-09 19:39:46.161 [restartedMain] INFO  com.alibaba.druid.pool.DruidDataSource - {dataSource-1} inited
2022-09-09 19:39:47.060 [restartedMain] INFO  org.apache.coyote.http11.Http11NioProtocol - Starting ProtocolHandler ["http-nio-8082"]
2022-09-09 19:39:47.083 [restartedMain] INFO  com.attendance.AttendanceApplication - Started AttendanceApplication in 3.025 seconds (JVM running for 3.724)
2022-09-09 19:39:49.399 [http-nio-8082-exec-1] INFO  o.a.c.core.ContainerBase.[Tomcat].[localhost].[/] - Initializing Spring DispatcherServlet 'dispatcherServlet'
2022-09-09 20:16:33.681 [restartedMain] INFO  com.attendance.AttendanceApplication - Starting AttendanceApplication using Java 1.8.0_201 on DESKTOP-GI6AVI7 with PID 13820 (D:\java\java_practice\attendance\target\classes started by lihong in D:\java\java_practice\attendance)
2022-09-09 20:16:33.682 [restartedMain] INFO  com.attendance.AttendanceApplication - No active profile set, falling back to 1 default profile: "default"
2022-09-09 20:16:35.076 [restartedMain] INFO  org.apache.coyote.http11.Http11NioProtocol - Initializing ProtocolHandler ["http-nio-8082"]
2022-09-09 20:16:35.076 [restartedMain] INFO  org.apache.catalina.core.StandardService - Starting service [Tomcat]
2022-09-09 20:16:35.076 [restartedMain] INFO  org.apache.catalina.core.StandardEngine - Starting Servlet engine: [Apache Tomcat/9.0.65]
2022-09-09 20:16:35.167 [restartedMain] INFO  o.a.c.core.ContainerBase.[Tomcat].[localhost].[/] - Initializing Spring embedded WebApplicationContext
2022-09-09 20:16:35.521 [restartedMain] INFO  c.a.d.s.b.a.DruidDataSourceAutoConfigure - Init DruidDataSource
2022-09-09 20:16:35.607 [restartedMain] INFO  com.alibaba.druid.pool.DruidDataSource - {dataSource-1} inited
2022-09-09 20:16:36.556 [restartedMain] INFO  org.apache.coyote.http11.Http11NioProtocol - Starting ProtocolHandler ["http-nio-8082"]
2022-09-09 20:16:36.604 [restartedMain] INFO  com.attendance.AttendanceApplication - Started AttendanceApplication in 3.295 seconds (JVM running for 4.032)
2022-09-09 20:16:37.533 [http-nio-8082-exec-1] INFO  o.a.c.core.ContainerBase.[Tomcat].[localhost].[/] - Initializing Spring DispatcherServlet 'dispatcherServlet'
2022-09-09 20:17:32.186 [SpringApplicationShutdownHook] INFO  com.alibaba.druid.pool.DruidDataSource - {dataSource-1} closing ...
2022-09-09 20:17:32.188 [SpringApplicationShutdownHook] INFO  com.alibaba.druid.pool.DruidDataSource - {dataSource-1} closed
2022-09-09 20:17:36.808 [restartedMain] INFO  com.attendance.AttendanceApplication - Starting AttendanceApplication using Java 1.8.0_201 on DESKTOP-GI6AVI7 with PID 8128 (D:\java\java_practice\attendance\target\classes started by lihong in D:\java\java_practice\attendance)
2022-09-09 20:17:36.809 [restartedMain] INFO  com.attendance.AttendanceApplication - No active profile set, falling back to 1 default profile: "default"
2022-09-09 20:17:37.890 [restartedMain] INFO  org.apache.coyote.http11.Http11NioProtocol - Initializing ProtocolHandler ["http-nio-8082"]
2022-09-09 20:17:37.891 [restartedMain] INFO  org.apache.catalina.core.StandardService - Starting service [Tomcat]
2022-09-09 20:17:37.891 [restartedMain] INFO  org.apache.catalina.core.StandardEngine - Starting Servlet engine: [Apache Tomcat/9.0.65]
2022-09-09 20:17:37.973 [restartedMain] INFO  o.a.c.core.ContainerBase.[Tomcat].[localhost].[/] - Initializing Spring embedded WebApplicationContext
2022-09-09 20:17:38.312 [restartedMain] INFO  c.a.d.s.b.a.DruidDataSourceAutoConfigure - Init DruidDataSource
2022-09-09 20:17:38.373 [restartedMain] INFO  com.alibaba.druid.pool.DruidDataSource - {dataSource-1} inited
2022-09-09 20:17:39.565 [restartedMain] INFO  org.apache.coyote.http11.Http11NioProtocol - Starting ProtocolHandler ["http-nio-8082"]
2022-09-09 20:17:39.587 [restartedMain] INFO  com.attendance.AttendanceApplication - Started AttendanceApplication in 3.13 seconds (JVM running for 3.938)
2022-09-09 20:17:40.098 [http-nio-8082-exec-1] INFO  o.a.c.core.ContainerBase.[Tomcat].[localhost].[/] - Initializing Spring DispatcherServlet 'dispatcherServlet'
2022-09-09 20:27:48.827 [SpringApplicationShutdownHook] INFO  com.alibaba.druid.pool.DruidDataSource - {dataSource-1} closing ...
2022-09-09 20:27:48.829 [SpringApplicationShutdownHook] INFO  com.alibaba.druid.pool.DruidDataSource - {dataSource-1} closed
2022-09-09 20:27:52.872 [restartedMain] INFO  com.attendance.AttendanceApplication - Starting AttendanceApplication using Java 1.8.0_201 on DESKTOP-GI6AVI7 with PID 15788 (D:\java\java_practice\attendance\target\classes started by lihong in D:\java\java_practice\attendance)
2022-09-09 20:27:52.873 [restartedMain] INFO  com.attendance.AttendanceApplication - No active profile set, falling back to 1 default profile: "default"
2022-09-09 20:27:53.996 [restartedMain] INFO  org.apache.coyote.http11.Http11NioProtocol - Initializing ProtocolHandler ["http-nio-8082"]
2022-09-09 20:27:53.997 [restartedMain] INFO  org.apache.catalina.core.StandardService - Starting service [Tomcat]
2022-09-09 20:27:53.997 [restartedMain] INFO  org.apache.catalina.core.StandardEngine - Starting Servlet engine: [Apache Tomcat/9.0.65]
2022-09-09 20:27:54.087 [restartedMain] INFO  o.a.c.core.ContainerBase.[Tomcat].[localhost].[/] - Initializing Spring embedded WebApplicationContext
2022-09-09 20:27:54.524 [restartedMain] INFO  c.a.d.s.b.a.DruidDataSourceAutoConfigure - Init DruidDataSource
2022-09-09 20:27:54.590 [restartedMain] INFO  com.alibaba.druid.pool.DruidDataSource - {dataSource-1} inited
2022-09-09 20:27:55.513 [restartedMain] INFO  org.apache.coyote.http11.Http11NioProtocol - Starting ProtocolHandler ["http-nio-8082"]
2022-09-09 20:27:55.535 [restartedMain] INFO  com.attendance.AttendanceApplication - Started AttendanceApplication in 3.018 seconds (JVM running for 3.706)
2022-09-09 20:27:57.077 [http-nio-8082-exec-1] INFO  o.a.c.core.ContainerBase.[Tomcat].[localhost].[/] - Initializing Spring DispatcherServlet 'dispatcherServlet'
2022-09-09 21:18:53.852 [restartedMain] INFO  com.attendance.AttendanceApplication - Starting AttendanceApplication using Java 1.8.0_201 on DESKTOP-GI6AVI7 with PID 9280 (D:\java\java_practice\attendance\target\classes started by lihong in D:\java\java_practice\attendance)
2022-09-09 21:18:53.859 [restartedMain] INFO  com.attendance.AttendanceApplication - No active profile set, falling back to 1 default profile: "default"
2022-09-09 21:18:56.400 [restartedMain] INFO  org.apache.coyote.http11.Http11NioProtocol - Initializing ProtocolHandler ["http-nio-8082"]
2022-09-09 21:18:56.401 [restartedMain] INFO  org.apache.catalina.core.StandardService - Starting service [Tomcat]
2022-09-09 21:18:56.401 [restartedMain] INFO  org.apache.catalina.core.StandardEngine - Starting Servlet engine: [Apache Tomcat/9.0.65]
2022-09-09 21:18:56.586 [restartedMain] INFO  o.a.c.core.ContainerBase.[Tomcat].[localhost].[/] - Initializing Spring embedded WebApplicationContext
2022-09-09 21:18:57.019 [restartedMain] INFO  c.a.d.s.b.a.DruidDataSourceAutoConfigure - Init DruidDataSource
2022-09-09 21:18:57.107 [restartedMain] INFO  com.alibaba.druid.pool.DruidDataSource - {dataSource-1} inited
2022-09-09 21:18:58.118 [restartedMain] INFO  org.apache.coyote.http11.Http11NioProtocol - Starting ProtocolHandler ["http-nio-8082"]
2022-09-09 21:18:58.142 [restartedMain] INFO  com.attendance.AttendanceApplication - Started AttendanceApplication in 4.728 seconds (JVM running for 5.55)
2022-09-09 21:20:44.166 [SpringApplicationShutdownHook] INFO  com.alibaba.druid.pool.DruidDataSource - {dataSource-1} closing ...
2022-09-09 21:20:44.166 [SpringApplicationShutdownHook] INFO  com.alibaba.druid.pool.DruidDataSource - {dataSource-1} closed
2022-09-09 21:20:48.775 [restartedMain] INFO  com.attendance.AttendanceApplication - Starting AttendanceApplication using Java 1.8.0_201 on DESKTOP-GI6AVI7 with PID 9636 (D:\java\java_practice\attendance\target\classes started by lihong in D:\java\java_practice\attendance)
2022-09-09 21:20:48.777 [restartedMain] INFO  com.attendance.AttendanceApplication - No active profile set, falling back to 1 default profile: "default"
2022-09-09 21:20:49.978 [restartedMain] INFO  org.apache.coyote.http11.Http11NioProtocol - Initializing ProtocolHandler ["http-nio-8082"]
2022-09-09 21:20:49.979 [restartedMain] INFO  org.apache.catalina.core.StandardService - Starting service [Tomcat]
2022-09-09 21:20:49.979 [restartedMain] INFO  org.apache.catalina.core.StandardEngine - Starting Servlet engine: [Apache Tomcat/9.0.65]
2022-09-09 21:20:50.063 [restartedMain] INFO  o.a.c.core.ContainerBase.[Tomcat].[localhost].[/] - Initializing Spring embedded WebApplicationContext
2022-09-09 21:20:50.433 [restartedMain] INFO  c.a.d.s.b.a.DruidDataSourceAutoConfigure - Init DruidDataSource
2022-09-09 21:20:50.495 [restartedMain] INFO  com.alibaba.druid.pool.DruidDataSource - {dataSource-1} inited
2022-09-09 21:20:51.578 [restartedMain] INFO  org.apache.coyote.http11.Http11NioProtocol - Starting ProtocolHandler ["http-nio-8082"]
2022-09-09 21:20:51.604 [restartedMain] INFO  com.attendance.AttendanceApplication - Started AttendanceApplication in 3.29 seconds (JVM running for 4.036)
2022-09-09 21:21:27.813 [http-nio-8082-exec-3] INFO  o.a.c.core.ContainerBase.[Tomcat].[localhost].[/] - Initializing Spring DispatcherServlet 'dispatcherServlet'
2022-09-09 21:25:30.275 [SpringApplicationShutdownHook] INFO  com.alibaba.druid.pool.DruidDataSource - {dataSource-1} closing ...
2022-09-09 21:25:30.277 [SpringApplicationShutdownHook] INFO  com.alibaba.druid.pool.DruidDataSource - {dataSource-1} closed
2022-09-09 21:25:34.573 [restartedMain] INFO  com.attendance.AttendanceApplication - Starting AttendanceApplication using Java 1.8.0_201 on DESKTOP-GI6AVI7 with PID 7400 (D:\java\java_practice\attendance\target\classes started by lihong in D:\java\java_practice\attendance)
2022-09-09 21:25:34.574 [restartedMain] INFO  com.attendance.AttendanceApplication - No active profile set, falling back to 1 default profile: "default"
2022-09-09 21:25:37.067 [restartedMain] INFO  org.apache.coyote.http11.Http11NioProtocol - Initializing ProtocolHandler ["http-nio-8082"]
2022-09-09 21:25:37.068 [restartedMain] INFO  org.apache.catalina.core.StandardService - Starting service [Tomcat]
2022-09-09 21:25:37.069 [restartedMain] INFO  org.apache.catalina.core.StandardEngine - Starting Servlet engine: [Apache Tomcat/9.0.65]
2022-09-09 21:25:37.186 [restartedMain] INFO  o.a.c.core.ContainerBase.[Tomcat].[localhost].[/] - Initializing Spring embedded WebApplicationContext
2022-09-09 21:25:37.773 [restartedMain] INFO  c.a.d.s.b.a.DruidDataSourceAutoConfigure - Init DruidDataSource
2022-09-09 21:25:37.918 [restartedMain] INFO  com.alibaba.druid.pool.DruidDataSource - {dataSource-1} inited
2022-09-09 21:25:39.457 [restartedMain] INFO  org.apache.coyote.http11.Http11NioProtocol - Starting ProtocolHandler ["http-nio-8082"]
2022-09-09 21:25:39.570 [restartedMain] INFO  com.attendance.AttendanceApplication - Started AttendanceApplication in 5.368 seconds (JVM running for 6.032)
2022-09-09 21:25:39.989 [http-nio-8082-exec-1] INFO  o.a.c.core.ContainerBase.[Tomcat].[localhost].[/] - Initializing Spring DispatcherServlet 'dispatcherServlet'
2022-09-09 21:27:45.812 [SpringApplicationShutdownHook] INFO  com.alibaba.druid.pool.DruidDataSource - {dataSource-1} closing ...
2022-09-09 21:27:45.815 [SpringApplicationShutdownHook] INFO  com.alibaba.druid.pool.DruidDataSource - {dataSource-1} closed
2022-09-09 21:27:53.065 [restartedMain] INFO  com.attendance.AttendanceApplication - Starting AttendanceApplication using Java 1.8.0_201 on DESKTOP-GI6AVI7 with PID 9484 (D:\java\java_practice\attendance\target\classes started by lihong in D:\java\java_practice\attendance)
2022-09-09 21:27:53.066 [restartedMain] INFO  com.attendance.AttendanceApplication - No active profile set, falling back to 1 default profile: "default"
2022-09-09 21:27:54.401 [restartedMain] INFO  org.apache.coyote.http11.Http11NioProtocol - Initializing ProtocolHandler ["http-nio-8082"]
2022-09-09 21:27:54.401 [restartedMain] INFO  org.apache.catalina.core.StandardService - Starting service [Tomcat]
2022-09-09 21:27:54.401 [restartedMain] INFO  org.apache.catalina.core.StandardEngine - Starting Servlet engine: [Apache Tomcat/9.0.65]
2022-09-09 21:27:54.492 [restartedMain] INFO  o.a.c.core.ContainerBase.[Tomcat].[localhost].[/] - Initializing Spring embedded WebApplicationContext
2022-09-09 21:27:54.859 [restartedMain] INFO  c.a.d.s.b.a.DruidDataSourceAutoConfigure - Init DruidDataSource
2022-09-09 21:27:54.934 [restartedMain] INFO  com.alibaba.druid.pool.DruidDataSource - {dataSource-1} inited
2022-09-09 21:27:55.906 [restartedMain] INFO  org.apache.coyote.http11.Http11NioProtocol - Starting ProtocolHandler ["http-nio-8082"]
2022-09-09 21:27:55.929 [restartedMain] INFO  com.attendance.AttendanceApplication - Started AttendanceApplication in 3.266 seconds (JVM running for 4.579)
2022-09-09 21:27:59.727 [http-nio-8082-exec-2] INFO  o.a.c.core.ContainerBase.[Tomcat].[localhost].[/] - Initializing Spring DispatcherServlet 'dispatcherServlet'
2022-09-09 21:29:36.513 [SpringApplicationShutdownHook] INFO  com.alibaba.druid.pool.DruidDataSource - {dataSource-1} closing ...
2022-09-09 21:29:36.515 [SpringApplicationShutdownHook] INFO  com.alibaba.druid.pool.DruidDataSource - {dataSource-1} closed
2022-09-09 21:29:41.559 [restartedMain] INFO  com.attendance.AttendanceApplication - Starting AttendanceApplication using Java 1.8.0_201 on DESKTOP-GI6AVI7 with PID 18752 (D:\java\java_practice\attendance\target\classes started by lihong in D:\java\java_practice\attendance)
2022-09-09 21:29:41.560 [restartedMain] INFO  com.attendance.AttendanceApplication - No active profile set, falling back to 1 default profile: "default"
2022-09-09 21:29:43.452 [restartedMain] INFO  org.apache.coyote.http11.Http11NioProtocol - Initializing ProtocolHandler ["http-nio-8082"]
2022-09-09 21:29:43.453 [restartedMain] INFO  org.apache.catalina.core.StandardService - Starting service [Tomcat]
2022-09-09 21:29:43.453 [restartedMain] INFO  org.apache.catalina.core.StandardEngine - Starting Servlet engine: [Apache Tomcat/9.0.65]
2022-09-09 21:29:43.538 [restartedMain] INFO  o.a.c.core.ContainerBase.[Tomcat].[localhost].[/] - Initializing Spring embedded WebApplicationContext
2022-09-09 21:29:43.885 [restartedMain] INFO  c.a.d.s.b.a.DruidDataSourceAutoConfigure - Init DruidDataSource
2022-09-09 21:29:43.948 [restartedMain] INFO  com.alibaba.druid.pool.DruidDataSource - {dataSource-1} inited
2022-09-09 21:29:44.848 [restartedMain] INFO  org.apache.coyote.http11.Http11NioProtocol - Starting ProtocolHandler ["http-nio-8082"]
2022-09-09 21:29:44.871 [restartedMain] INFO  com.attendance.AttendanceApplication - Started AttendanceApplication in 3.642 seconds (JVM running for 4.497)
